[1726735751553] INFO  (ext): SQLTools is starting
[1726735751564] INFO  (ext): initializing language client...
[1726735751617] INFO  (ext): Registering client for languages [{"scheme":"sqltools"},{"language":"sql","scheme":"untitled"},{"language":"sql","scheme":"file"},{"language":"sql","scheme":"sqltools"}]
    ns: "lc"
[1726735751627] INFO  (ext): loading plugins...
[1726735751627] INFO  (ext): registering Formatter Plugin.
    plugin: {
      "name": "Formatter Plugin"
    }
[1726735751627] INFO  (ext): registering Connection Manager Plugin.
    plugin: {
      "name": "Connection Manager Plugin"
    }
[1726735751628] INFO  (ext): registering CodeLens Plugin.
    plugin: {
      "name": "CodeLens Plugin",
      "registeredLanguages": []
    }
[1726735751629] INFO  (ext): registering Dependency Manager Plugin.
    plugin: {
      "name": "Dependency Manager Plugin",
      "installingDrivers": []
    }
[1726735751629] INFO  (ext): Connection explorer changed. Will be updated.
    ns: "conn-man:explorer"
[1726735751630] INFO  (ext): registering History Manager Plugin.
    plugin: {
      "name": "History Manager Plugin"
    }
[1726735751630] INFO  (ext): registering Bookmarks Manager Plugin.
    plugin: {
      "name": "Bookmarks Manager Plugin"
    }
[1726735751631] INFO  (ext): registering Authentication Provider Plugin.
    plugin: {
      "name": "Authentication Provider Plugin",
      "isRegistered": false
    }
[1726735751631] INFO  (ext): registering Object Drop-in Provider (plugin).
    plugin: {
      "type": "plugin",
      "name": "Object Drop-in Provider",
      "isRegistered": false
    }
[1726735751632] INFO  (ext): SQLTools activation completed. 79.336087 ms
[1726735751634] INFO  (ext): Formatter Plugin registered!
[1726735751634] INFO  (ext): CodeLens Plugin registered!
[1726735751634] INFO  (ext): Dependency Manager Plugin registered!
[1726735751635] INFO  (ext): Connection Manager Plugin registered!
[1726735751635] INFO  (ext): History Manager Plugin registered!
[1726735751635] INFO  (ext): Bookmarks Manager Plugin registered!
[1726735751635] INFO  (ext): Authentication Provider Plugin registered!
[1726735751635] INFO  (ext): Object Drop-in Provider (plugin) registered!
[1726735752547] INFO  (ls): SQLTools Server started!
===============================
Using node runtime?: yes
ExecPath: /opt/nodejs/node-v20.15.1-linux-x64/bin/node v20.15.1
===============================
[1726735752552] INFO  (ls): User defined env vars
===============================
{"PATH":"/usr/local/sbin:/usr/local/bin:/usr/sbin:/usr/bin:/sbin:/bin:/home/user/.node_modules_global/bin"}
===============================:
[1726735752560] INFO  (ext): LanguageClient ready
    ns: "lc"
[1726735752557] INFO  (ls): Initialized with node version:v20.15.1
[1726735752663] INFO  (ext): EXECUTING COMMAND => sqltools.refreshTree
[1726735752664] INFO  (ext): Connection explorer changed. Will be updated.
    ns: "conn-man:explorer"
[1726735753169] INFO  (ext): registering SQLite Plugin (driver).
    plugin: {
      "extensionId": "mtxr.sqltools-driver-sqlite",
      "name": "SQLite Plugin",
      "type": "driver"
    }
[1726735753169] INFO  (ls): REQUEST RECEIVED => ls/RegisterPlugin
[1726735753170] INFO  (ls): request to register plugin: "/extbin/local/openvscode-server/extensions/mtxr.sqltools-driver-sqlite-0.5.0/out/ls/plugin.js"
[1726735753196] INFO  (ls): Driver sqlite registered!
    place: "driver-map"
    ns: "ls-context"
[1726735754092] INFO  (ext): SQLite Plugin (driver) registered!
[1726735754093] INFO  (ext): Connection explorer changed. Will be updated.
    ns: "conn-man:explorer"
[1726735755093] INFO  (ext): EXECUTING COMMAND => sqltools.refreshTree
[1726735755093] INFO  (ext): Connection explorer changed. Will be updated.
    ns: "conn-man:explorer"
[1726735757445] INFO  (ext): Connection explorer changed. Will be updated.
    ns: "conn-man:explorer"
[1726735759072] INFO  (ext): Connection explorer changed. Will be updated.
    ns: "conn-man:explorer"
[1726736357768] INFO  (ext): Connection explorer changed. Will be updated.
    ns: "conn-man:explorer"
[1726736361440] INFO  (ext): Connection explorer changed. Will be updated.
    ns: "conn-man:explorer"
[1726737554122] INFO  (ext): Connection explorer changed. Will be updated.
    ns: "conn-man:explorer"
[1726737554461] INFO  (ext): Connection explorer changed. Will be updated.
    ns: "conn-man:explorer"
[1726737554907] INFO  (ext): Connection explorer changed. Will be updated.
    ns: "conn-man:explorer"
[1726737554984] INFO  (ext): Connection explorer changed. Will be updated.
    ns: "conn-man:explorer"
[1726737555503] INFO  (ext): Connection explorer changed. Will be updated.
    ns: "conn-man:explorer"
[1726737555595] INFO  (ext): Connection explorer changed. Will be updated.
    ns: "conn-man:explorer"
[1726737555595] INFO  (ext): Connection explorer changed. Will be updated.
    ns: "conn-man:explorer"
[1726737555595] INFO  (ext): Connection explorer changed. Will be updated.
    ns: "conn-man:explorer"
[1726737555614] INFO  (ext): Connection explorer changed. Will be updated.
    ns: "conn-man:explorer"
[1726737555884] INFO  (ext): Connection explorer changed. Will be updated.
    ns: "conn-man:explorer"
[1726737705382] INFO  (ext): Connection explorer changed. Will be updated.
    ns: "conn-man:explorer"
[1726737734708] INFO  (ext): Connection explorer changed. Will be updated.
    ns: "conn-man:explorer"
[1726737735240] INFO  (ext): Connection explorer changed. Will be updated.
    ns: "conn-man:explorer"
[1726737735768] INFO  (ext): Connection explorer changed. Will be updated.
    ns: "conn-man:explorer"
[1726737735959] INFO  (ext): Connection explorer changed. Will be updated.
    ns: "conn-man:explorer"
[1726737736461] INFO  (ext): Connection explorer changed. Will be updated.
    ns: "conn-man:explorer"
[1726737736893] INFO  (ext): Connection explorer changed. Will be updated.
    ns: "conn-man:explorer"
[1726737736894] INFO  (ext): Connection explorer changed. Will be updated.
    ns: "conn-man:explorer"
[1726737736894] INFO  (ext): Connection explorer changed. Will be updated.
    ns: "conn-man:explorer"
[1726737736895] INFO  (ext): Connection explorer changed. Will be updated.
    ns: "conn-man:explorer"
[1726737915007] INFO  (ext): Connection explorer changed. Will be updated.
    ns: "conn-man:explorer"
[1726737915554] INFO  (ext): Connection explorer changed. Will be updated.
    ns: "conn-man:explorer"
[1726737916068] INFO  (ext): Connection explorer changed. Will be updated.
    ns: "conn-man:explorer"
[1726737916608] INFO  (ext): Connection explorer changed. Will be updated.
    ns: "conn-man:explorer"
[1726737917113] INFO  (ext): Connection explorer changed. Will be updated.
    ns: "conn-man:explorer"
[1726737917534] INFO  (ext): Connection explorer changed. Will be updated.
    ns: "conn-man:explorer"
[1726737917534] INFO  (ext): Connection explorer changed. Will be updated.
    ns: "conn-man:explorer"
[1726737917534] INFO  (ext): Connection explorer changed. Will be updated.
    ns: "conn-man:explorer"
[1726737917535] INFO  (ext): Connection explorer changed. Will be updated.
    ns: "conn-man:explorer"
[1726738095265] INFO  (ext): Connection explorer changed. Will be updated.
    ns: "conn-man:explorer"
[1726738095867] INFO  (ext): Connection explorer changed. Will be updated.
    ns: "conn-man:explorer"
[1726738096434] INFO  (ext): Connection explorer changed. Will be updated.
    ns: "conn-man:explorer"
[1726738097106] INFO  (ext): Connection explorer changed. Will be updated.
    ns: "conn-man:explorer"
[1726738097635] INFO  (ext): Connection explorer changed. Will be updated.
    ns: "conn-man:explorer"
[1726738098085] INFO  (ext): Connection explorer changed. Will be updated.
    ns: "conn-man:explorer"
[1726738098086] INFO  (ext): Connection explorer changed. Will be updated.
    ns: "conn-man:explorer"
[1726738098086] INFO  (ext): Connection explorer changed. Will be updated.
    ns: "conn-man:explorer"
[1726738098123] INFO  (ext): Connection explorer changed. Will be updated.
    ns: "conn-man:explorer"
[1726738275831] INFO  (ext): Connection explorer changed. Will be updated.
    ns: "conn-man:explorer"
[1726738276933] INFO  (ext): Connection explorer changed. Will be updated.
    ns: "conn-man:explorer"
[1726738277276] INFO  (ext): Connection explorer changed. Will be updated.
    ns: "conn-man:explorer"
[1726738277983] INFO  (ext): Connection explorer changed. Will be updated.
    ns: "conn-man:explorer"
[1726738279100] INFO  (ext): Connection explorer changed. Will be updated.
    ns: "conn-man:explorer"
[1726738279100] INFO  (ext): Connection explorer changed. Will be updated.
    ns: "conn-man:explorer"
[1726738279100] INFO  (ext): Connection explorer changed. Will be updated.
    ns: "conn-man:explorer"
[1726738279101] INFO  (ext): Connection explorer changed. Will be updated.
    ns: "conn-man:explorer"
[1726738279121] INFO  (ext): Connection explorer changed. Will be updated.
    ns: "conn-man:explorer"
[1726738456100] INFO  (ext): Connection explorer changed. Will be updated.
    ns: "conn-man:explorer"
[1726738457238] INFO  (ext): Connection explorer changed. Will be updated.
    ns: "conn-man:explorer"
[1726738457702] INFO  (ext): Connection explorer changed. Will be updated.
    ns: "conn-man:explorer"
[1726738458496] INFO  (ext): Connection explorer changed. Will be updated.
    ns: "conn-man:explorer"
[1726738459437] INFO  (ext): Connection explorer changed. Will be updated.
    ns: "conn-man:explorer"
[1726738459438] INFO  (ext): Connection explorer changed. Will be updated.
    ns: "conn-man:explorer"
[1726738459438] INFO  (ext): Connection explorer changed. Will be updated.
    ns: "conn-man:explorer"
[1726738459438] INFO  (ext): Connection explorer changed. Will be updated.
    ns: "conn-man:explorer"
[1726738460064] INFO  (ext): Connection explorer changed. Will be updated.
    ns: "conn-man:explorer"
[1726738636815] INFO  (ext): Connection explorer changed. Will be updated.
    ns: "conn-man:explorer"
[1726738637864] INFO  (ext): Connection explorer changed. Will be updated.
    ns: "conn-man:explorer"
[1726738638603] INFO  (ext): Connection explorer changed. Will be updated.
    ns: "conn-man:explorer"
[1726738639148] INFO  (ext): Connection explorer changed. Will be updated.
    ns: "conn-man:explorer"
[1726738639802] INFO  (ext): Connection explorer changed. Will be updated.
    ns: "conn-man:explorer"
[1726738639802] INFO  (ext): Connection explorer changed. Will be updated.
    ns: "conn-man:explorer"
[1726738639825] INFO  (ext): Connection explorer changed. Will be updated.
    ns: "conn-man:explorer"
[1726738639826] INFO  (ext): Connection explorer changed. Will be updated.
    ns: "conn-man:explorer"
[1726738640594] INFO  (ext): Connection explorer changed. Will be updated.
    ns: "conn-man:explorer"
[1726738817803] INFO  (ext): Connection explorer changed. Will be updated.
    ns: "conn-man:explorer"
[1726738818862] INFO  (ext): Connection explorer changed. Will be updated.
    ns: "conn-man:explorer"
[1726738819783] INFO  (ext): Connection explorer changed. Will be updated.
    ns: "conn-man:explorer"
[1726738819974] INFO  (ext): Connection explorer changed. Will be updated.
    ns: "conn-man:explorer"
[1726738820974] INFO  (ext): Connection explorer changed. Will be updated.
    ns: "conn-man:explorer"
[1726738820975] INFO  (ext): Connection explorer changed. Will be updated.
    ns: "conn-man:explorer"
[1726738820975] INFO  (ext): Connection explorer changed. Will be updated.
    ns: "conn-man:explorer"
[1726738820975] INFO  (ext): Connection explorer changed. Will be updated.
    ns: "conn-man:explorer"
[1726738822011] INFO  (ext): Connection explorer changed. Will be updated.
    ns: "conn-man:explorer"
[1726738998097] INFO  (ext): Connection explorer changed. Will be updated.
    ns: "conn-man:explorer"
[1726738999242] INFO  (ext): Connection explorer changed. Will be updated.
    ns: "conn-man:explorer"
[1726739000097] INFO  (ext): Connection explorer changed. Will be updated.
    ns: "conn-man:explorer"
[1726739000635] INFO  (ext): Connection explorer changed. Will be updated.
    ns: "conn-man:explorer"
[1726739001389] INFO  (ext): Connection explorer changed. Will be updated.
    ns: "conn-man:explorer"
[1726739001389] INFO  (ext): Connection explorer changed. Will be updated.
    ns: "conn-man:explorer"
[1726739001389] INFO  (ext): Connection explorer changed. Will be updated.
    ns: "conn-man:explorer"
[1726739001419] INFO  (ext): Connection explorer changed. Will be updated.
    ns: "conn-man:explorer"
[1726739002532] INFO  (ext): Connection explorer changed. Will be updated.
    ns: "conn-man:explorer"
[1726739178397] INFO  (ext): Connection explorer changed. Will be updated.
    ns: "conn-man:explorer"
[1726739179590] INFO  (ext): Connection explorer changed. Will be updated.
    ns: "conn-man:explorer"
[1726739180402] INFO  (ext): Connection explorer changed. Will be updated.
    ns: "conn-man:explorer"
[1726739181141] INFO  (ext): Connection explorer changed. Will be updated.
    ns: "conn-man:explorer"
[1726739181831] INFO  (ext): Connection explorer changed. Will be updated.
    ns: "conn-man:explorer"
[1726739181832] INFO  (ext): Connection explorer changed. Will be updated.
    ns: "conn-man:explorer"
[1726739181832] INFO  (ext): Connection explorer changed. Will be updated.
    ns: "conn-man:explorer"
[1726739181833] INFO  (ext): Connection explorer changed. Will be updated.
    ns: "conn-man:explorer"
[1726739183051] INFO  (ext): Connection explorer changed. Will be updated.
    ns: "conn-man:explorer"
[1726739358693] INFO  (ext): Connection explorer changed. Will be updated.
    ns: "conn-man:explorer"
[1726739359938] INFO  (ext): Connection explorer changed. Will be updated.
    ns: "conn-man:explorer"
[1726739360703] INFO  (ext): Connection explorer changed. Will be updated.
    ns: "conn-man:explorer"
[1726739361644] INFO  (ext): Connection explorer changed. Will be updated.
    ns: "conn-man:explorer"
[1726739362188] INFO  (ext): Connection explorer changed. Will be updated.
    ns: "conn-man:explorer"
[1726739362189] INFO  (ext): Connection explorer changed. Will be updated.
    ns: "conn-man:explorer"
[1726739362211] INFO  (ext): Connection explorer changed. Will be updated.
    ns: "conn-man:explorer"
[1726739362212] INFO  (ext): Connection explorer changed. Will be updated.
    ns: "conn-man:explorer"
[1726739363571] INFO  (ext): Connection explorer changed. Will be updated.
    ns: "conn-man:explorer"
[1726739559970] INFO  (ext): Connection explorer changed. Will be updated.
    ns: "conn-man:explorer"
[1726739560154] INFO  (ext): Connection explorer changed. Will be updated.
    ns: "conn-man:explorer"
[1726739560349] INFO  (ext): Connection explorer changed. Will be updated.
    ns: "conn-man:explorer"
[1726739560673] INFO  (ext): Connection explorer changed. Will be updated.
    ns: "conn-man:explorer"
[1726739560779] INFO  (ext): Connection explorer changed. Will be updated.
    ns: "conn-man:explorer"
[1726739560824] INFO  (ext): Connection explorer changed. Will be updated.
    ns: "conn-man:explorer"
[1726739560825] INFO  (ext): Connection explorer changed. Will be updated.
    ns: "conn-man:explorer"
[1726739560825] INFO  (ext): Connection explorer changed. Will be updated.
    ns: "conn-man:explorer"
[1726739560826] INFO  (ext): Connection explorer changed. Will be updated.
    ns: "conn-man:explorer"
[1726741878069] INFO  (ext): Connection explorer changed. Will be updated.
    ns: "conn-man:explorer"
[1726741878375] INFO  (ext): Connection explorer changed. Will be updated.
    ns: "conn-man:explorer"
[1726741878630] INFO  (ext): Connection explorer changed. Will be updated.
    ns: "conn-man:explorer"
[1726741878926] INFO  (ext): Connection explorer changed. Will be updated.
    ns: "conn-man:explorer"
[1726741879210] INFO  (ext): Connection explorer changed. Will be updated.
    ns: "conn-man:explorer"
[1726741879263] INFO  (ext): Connection explorer changed. Will be updated.
    ns: "conn-man:explorer"
[1726741879568] INFO  (ext): Connection explorer changed. Will be updated.
    ns: "conn-man:explorer"
[1726741879568] INFO  (ext): Connection explorer changed. Will be updated.
    ns: "conn-man:explorer"
[1726741879568] INFO  (ext): Connection explorer changed. Will be updated.
    ns: "conn-man:explorer"
[1726741879569] INFO  (ext): Connection explorer changed. Will be updated.
    ns: "conn-man:explorer"
[1726742058745] INFO  (ext): Connection explorer changed. Will be updated.
    ns: "conn-man:explorer"
[1726742059847] INFO  (ext): Connection explorer changed. Will be updated.
    ns: "conn-man:explorer"
[1726742059936] INFO  (ext): Connection explorer changed. Will be updated.
    ns: "conn-man:explorer"
[1726742060305] INFO  (ext): Connection explorer changed. Will be updated.
    ns: "conn-man:explorer"
[1726742060360] INFO  (ext): Connection explorer changed. Will be updated.
    ns: "conn-man:explorer"
[1726742060360] INFO  (ext): Connection explorer changed. Will be updated.
    ns: "conn-man:explorer"
[1726742060360] INFO  (ext): Connection explorer changed. Will be updated.
    ns: "conn-man:explorer"
[1726742060360] INFO  (ext): Connection explorer changed. Will be updated.
    ns: "conn-man:explorer"
[1726742060637] INFO  (ext): Connection explorer changed. Will be updated.
    ns: "conn-man:explorer"
[1726742238225] INFO  (ext): Connection explorer changed. Will be updated.
    ns: "conn-man:explorer"
[1726742273926] INFO  (ext): Connection explorer changed. Will be updated.
    ns: "conn-man:explorer"
[1726742274234] INFO  (ext): Connection explorer changed. Will be updated.
    ns: "conn-man:explorer"
[1726742274472] INFO  (ext): Connection explorer changed. Will be updated.
    ns: "conn-man:explorer"
[1726742274629] INFO  (ext): Connection explorer changed. Will be updated.
    ns: "conn-man:explorer"
[1726742275043] INFO  (ext): Connection explorer changed. Will be updated.
    ns: "conn-man:explorer"
[1726742275093] INFO  (ext): Connection explorer changed. Will be updated.
    ns: "conn-man:explorer"
[1726742275093] INFO  (ext): Connection explorer changed. Will be updated.
    ns: "conn-man:explorer"
[1726742275094] INFO  (ext): Connection explorer changed. Will be updated.
    ns: "conn-man:explorer"
[1726742275094] INFO  (ext): Connection explorer changed. Will be updated.
    ns: "conn-man:explorer"
[1726742275115] INFO  (ext): Connection explorer changed. Will be updated.
    ns: "conn-man:explorer"
[1726742340654] INFO  (ext): Connection explorer changed. Will be updated.
    ns: "conn-man:explorer"
[1726742454494] INFO  (ext): Connection explorer changed. Will be updated.
    ns: "conn-man:explorer"
[1726742455024] INFO  (ext): Connection explorer changed. Will be updated.
    ns: "conn-man:explorer"
[1726742455401] INFO  (ext): Connection explorer changed. Will be updated.
    ns: "conn-man:explorer"
[1726742455790] INFO  (ext): Connection explorer changed. Will be updated.
    ns: "conn-man:explorer"
[1726742455847] INFO  (ext): Connection explorer changed. Will be updated.
    ns: "conn-man:explorer"
[1726742455847] INFO  (ext): Connection explorer changed. Will be updated.
    ns: "conn-man:explorer"
[1726742455847] INFO  (ext): Connection explorer changed. Will be updated.
    ns: "conn-man:explorer"
[1726742455848] INFO  (ext): Connection explorer changed. Will be updated.
    ns: "conn-man:explorer"
[1726742456585] INFO  (ext): Connection explorer changed. Will be updated.
    ns: "conn-man:explorer"
[1726742566058] INFO  (ext): Connection explorer changed. Will be updated.
    ns: "conn-man:explorer"
[1726742618140] INFO  (ext): Connection explorer changed. Will be updated.
    ns: "conn-man:explorer"
[1726742634798] INFO  (ext): Connection explorer changed. Will be updated.
    ns: "conn-man:explorer"
[1726742635521] INFO  (ext): Connection explorer changed. Will be updated.
    ns: "conn-man:explorer"
[1726742635943] INFO  (ext): Connection explorer changed. Will be updated.
    ns: "conn-man:explorer"
[1726742636339] INFO  (ext): Connection explorer changed. Will be updated.
    ns: "conn-man:explorer"
[1726742636406] INFO  (ext): Connection explorer changed. Will be updated.
    ns: "conn-man:explorer"
[1726742636407] INFO  (ext): Connection explorer changed. Will be updated.
    ns: "conn-man:explorer"
[1726742636407] INFO  (ext): Connection explorer changed. Will be updated.
    ns: "conn-man:explorer"
[1726742636407] INFO  (ext): Connection explorer changed. Will be updated.
    ns: "conn-man:explorer"
[1726742637212] INFO  (ext): Connection explorer changed. Will be updated.
    ns: "conn-man:explorer"
[1726742815727] INFO  (ext): Connection explorer changed. Will be updated.
    ns: "conn-man:explorer"
[1726742816871] INFO  (ext): Connection explorer changed. Will be updated.
    ns: "conn-man:explorer"
[1726742816925] INFO  (ext): Connection explorer changed. Will be updated.
    ns: "conn-man:explorer"
[1726742817343] INFO  (ext): Connection explorer changed. Will be updated.
    ns: "conn-man:explorer"
[1726742817414] INFO  (ext): Connection explorer changed. Will be updated.
    ns: "conn-man:explorer"
[1726742817414] INFO  (ext): Connection explorer changed. Will be updated.
    ns: "conn-man:explorer"
[1726742817415] INFO  (ext): Connection explorer changed. Will be updated.
    ns: "conn-man:explorer"
[1726742817415] INFO  (ext): Connection explorer changed. Will be updated.
    ns: "conn-man:explorer"
[1726742818041] INFO  (ext): Connection explorer changed. Will be updated.
    ns: "conn-man:explorer"
[1726742996012] INFO  (ext): Connection explorer changed. Will be updated.
    ns: "conn-man:explorer"
[1726742997135] INFO  (ext): Connection explorer changed. Will be updated.
    ns: "conn-man:explorer"
[1726742997885] INFO  (ext): Connection explorer changed. Will be updated.
    ns: "conn-man:explorer"
[1726742997938] INFO  (ext): Connection explorer changed. Will be updated.
    ns: "conn-man:explorer"
[1726742997938] INFO  (ext): Connection explorer changed. Will be updated.
    ns: "conn-man:explorer"
[1726742997938] INFO  (ext): Connection explorer changed. Will be updated.
    ns: "conn-man:explorer"
[1726742997939] INFO  (ext): Connection explorer changed. Will be updated.
    ns: "conn-man:explorer"
[1726742997964] INFO  (ext): Connection explorer changed. Will be updated.
    ns: "conn-man:explorer"
[1726742998563] INFO  (ext): Connection explorer changed. Will be updated.
    ns: "conn-man:explorer"
[1726743013156] INFO  (ext): Connection explorer changed. Will be updated.
    ns: "conn-man:explorer"
[1726743018126] INFO  (ext): Connection explorer changed. Will be updated.
    ns: "conn-man:explorer"
[1726743061715] INFO  (ext): Connection explorer changed. Will be updated.
    ns: "conn-man:explorer"
[1726743110818] INFO  (ext): Connection explorer changed. Will be updated.
    ns: "conn-man:explorer"
[1726743176756] INFO  (ext): Connection explorer changed. Will be updated.
    ns: "conn-man:explorer"
[1726743177836] INFO  (ext): Connection explorer changed. Will be updated.
    ns: "conn-man:explorer"
[1726743178855] INFO  (ext): Connection explorer changed. Will be updated.
    ns: "conn-man:explorer"
[1726743178945] INFO  (ext): Connection explorer changed. Will be updated.
    ns: "conn-man:explorer"
[1726743178945] INFO  (ext): Connection explorer changed. Will be updated.
    ns: "conn-man:explorer"
[1726743178945] INFO  (ext): Connection explorer changed. Will be updated.
    ns: "conn-man:explorer"
[1726743178946] INFO  (ext): Connection explorer changed. Will be updated.
    ns: "conn-man:explorer"
[1726743178966] INFO  (ext): Connection explorer changed. Will be updated.
    ns: "conn-man:explorer"
[1726743179552] INFO  (ext): Connection explorer changed. Will be updated.
    ns: "conn-man:explorer"
[1726743356999] INFO  (ext): Connection explorer changed. Will be updated.
    ns: "conn-man:explorer"
[1726743358168] INFO  (ext): Connection explorer changed. Will be updated.
    ns: "conn-man:explorer"
[1726743359046] INFO  (ext): Connection explorer changed. Will be updated.
    ns: "conn-man:explorer"
[1726743359553] INFO  (ext): Connection explorer changed. Will be updated.
    ns: "conn-man:explorer"
[1726743359553] INFO  (ext): Connection explorer changed. Will be updated.
    ns: "conn-man:explorer"
[1726743359553] INFO  (ext): Connection explorer changed. Will be updated.
    ns: "conn-man:explorer"
[1726743359554] INFO  (ext): Connection explorer changed. Will be updated.
    ns: "conn-man:explorer"
[1726743359602] INFO  (ext): Connection explorer changed. Will be updated.
    ns: "conn-man:explorer"
[1726743360262] INFO  (ext): Connection explorer changed. Will be updated.
    ns: "conn-man:explorer"
[1726743537308] INFO  (ext): Connection explorer changed. Will be updated.
    ns: "conn-man:explorer"
[1726743538479] INFO  (ext): Connection explorer changed. Will be updated.
    ns: "conn-man:explorer"
[1726743539726] INFO  (ext): Connection explorer changed. Will be updated.
    ns: "conn-man:explorer"
[1726743540915] INFO  (ext): Connection explorer changed. Will be updated.
    ns: "conn-man:explorer"
[1726743540915] INFO  (ext): Connection explorer changed. Will be updated.
    ns: "conn-man:explorer"
[1726743540915] INFO  (ext): Connection explorer changed. Will be updated.
    ns: "conn-man:explorer"
[1726743540916] INFO  (ext): Connection explorer changed. Will be updated.
    ns: "conn-man:explorer"
[1726743541499] INFO  (ext): Connection explorer changed. Will be updated.
    ns: "conn-man:explorer"
[1726743542004] INFO  (ext): Connection explorer changed. Will be updated.
    ns: "conn-man:explorer"
[1726743717696] INFO  (ext): Connection explorer changed. Will be updated.
    ns: "conn-man:explorer"
[1726743719798] INFO  (ext): Connection explorer changed. Will be updated.
    ns: "conn-man:explorer"
[1726743720710] INFO  (ext): Connection explorer changed. Will be updated.
    ns: "conn-man:explorer"
[1726743721909] INFO  (ext): Connection explorer changed. Will be updated.
    ns: "conn-man:explorer"
[1726743721910] INFO  (ext): Connection explorer changed. Will be updated.
    ns: "conn-man:explorer"
[1726743721910] INFO  (ext): Connection explorer changed. Will be updated.
    ns: "conn-man:explorer"
[1726743721948] INFO  (ext): Connection explorer changed. Will be updated.
    ns: "conn-man:explorer"
[1726743722918] INFO  (ext): Connection explorer changed. Will be updated.
    ns: "conn-man:explorer"
[1726743723422] INFO  (ext): Connection explorer changed. Will be updated.
    ns: "conn-man:explorer"
[1726743898739] INFO  (ext): Connection explorer changed. Will be updated.
    ns: "conn-man:explorer"
[1726743900796] INFO  (ext): Connection explorer changed. Will be updated.
    ns: "conn-man:explorer"
[1726743901722] INFO  (ext): Connection explorer changed. Will be updated.
    ns: "conn-man:explorer"
[1726743902874] INFO  (ext): Connection explorer changed. Will be updated.
    ns: "conn-man:explorer"
[1726743902874] INFO  (ext): Connection explorer changed. Will be updated.
    ns: "conn-man:explorer"
[1726743902913] INFO  (ext): Connection explorer changed. Will be updated.
    ns: "conn-man:explorer"
[1726743902914] INFO  (ext): Connection explorer changed. Will be updated.
    ns: "conn-man:explorer"
[1726743903893] INFO  (ext): Connection explorer changed. Will be updated.
    ns: "conn-man:explorer"
[1726743905652] INFO  (ext): Connection explorer changed. Will be updated.
    ns: "conn-man:explorer"
[1726744079037] INFO  (ext): Connection explorer changed. Will be updated.
    ns: "conn-man:explorer"
[1726744081134] INFO  (ext): Connection explorer changed. Will be updated.
    ns: "conn-man:explorer"
[1726744082022] INFO  (ext): Connection explorer changed. Will be updated.
    ns: "conn-man:explorer"
[1726744083210] INFO  (ext): Connection explorer changed. Will be updated.
    ns: "conn-man:explorer"
[1726744083210] INFO  (ext): Connection explorer changed. Will be updated.
    ns: "conn-man:explorer"
[1726744083593] INFO  (ext): Connection explorer changed. Will be updated.
    ns: "conn-man:explorer"
[1726744083594] INFO  (ext): Connection explorer changed. Will be updated.
    ns: "conn-man:explorer"
[1726744084390] INFO  (ext): Connection explorer changed. Will be updated.
    ns: "conn-man:explorer"
[1726744086172] INFO  (ext): Connection explorer changed. Will be updated.
    ns: "conn-man:explorer"
[1726744259360] INFO  (ext): Connection explorer changed. Will be updated.
    ns: "conn-man:explorer"
[1726744261494] INFO  (ext): Connection explorer changed. Will be updated.
    ns: "conn-man:explorer"
[1726744262324] INFO  (ext): Connection explorer changed. Will be updated.
    ns: "conn-man:explorer"
[1726744263580] INFO  (ext): Connection explorer changed. Will be updated.
    ns: "conn-man:explorer"
[1726744263580] INFO  (ext): Connection explorer changed. Will be updated.
    ns: "conn-man:explorer"
[1726744263966] INFO  (ext): Connection explorer changed. Will be updated.
    ns: "conn-man:explorer"
[1726744263966] INFO  (ext): Connection explorer changed. Will be updated.
    ns: "conn-man:explorer"
[1726744264886] INFO  (ext): Connection explorer changed. Will be updated.
    ns: "conn-man:explorer"
[1726744266709] INFO  (ext): Connection explorer changed. Will be updated.
    ns: "conn-man:explorer"
[1726744439676] INFO  (ext): Connection explorer changed. Will be updated.
    ns: "conn-man:explorer"
[1726744441835] INFO  (ext): Connection explorer changed. Will be updated.
    ns: "conn-man:explorer"
[1726744442621] INFO  (ext): Connection explorer changed. Will be updated.
    ns: "conn-man:explorer"
[1726744443952] INFO  (ext): Connection explorer changed. Will be updated.
    ns: "conn-man:explorer"
[1726744443953] INFO  (ext): Connection explorer changed. Will be updated.
    ns: "conn-man:explorer"
[1726744444316] INFO  (ext): Connection explorer changed. Will be updated.
    ns: "conn-man:explorer"
[1726744444317] INFO  (ext): Connection explorer changed. Will be updated.
    ns: "conn-man:explorer"
[1726744445391] INFO  (ext): Connection explorer changed. Will be updated.
    ns: "conn-man:explorer"
[1726744447228] INFO  (ext): Connection explorer changed. Will be updated.
    ns: "conn-man:explorer"
[1726744619967] INFO  (ext): Connection explorer changed. Will be updated.
    ns: "conn-man:explorer"
[1726744622160] INFO  (ext): Connection explorer changed. Will be updated.
    ns: "conn-man:explorer"
[1726744622936] INFO  (ext): Connection explorer changed. Will be updated.
    ns: "conn-man:explorer"
[1726744624327] INFO  (ext): Connection explorer changed. Will be updated.
    ns: "conn-man:explorer"
[1726744624327] INFO  (ext): Connection explorer changed. Will be updated.
    ns: "conn-man:explorer"
[1726744624730] INFO  (ext): Connection explorer changed. Will be updated.
    ns: "conn-man:explorer"
[1726744624731] INFO  (ext): Connection explorer changed. Will be updated.
    ns: "conn-man:explorer"
[1726744625888] INFO  (ext): Connection explorer changed. Will be updated.
    ns: "conn-man:explorer"
[1726744627753] INFO  (ext): Connection explorer changed. Will be updated.
    ns: "conn-man:explorer"
[1726744800251] INFO  (ext): Connection explorer changed. Will be updated.
    ns: "conn-man:explorer"
[1726744802494] INFO  (ext): Connection explorer changed. Will be updated.
    ns: "conn-man:explorer"
[1726744803237] INFO  (ext): Connection explorer changed. Will be updated.
    ns: "conn-man:explorer"
[1726744804694] INFO  (ext): Connection explorer changed. Will be updated.
    ns: "conn-man:explorer"
[1726744804694] INFO  (ext): Connection explorer changed. Will be updated.
    ns: "conn-man:explorer"
[1726744805065] INFO  (ext): Connection explorer changed. Will be updated.
    ns: "conn-man:explorer"
[1726744805066] INFO  (ext): Connection explorer changed. Will be updated.
    ns: "conn-man:explorer"
[1726744806393] INFO  (ext): Connection explorer changed. Will be updated.
    ns: "conn-man:explorer"
[1726744808278] INFO  (ext): Connection explorer changed. Will be updated.
    ns: "conn-man:explorer"
[1726744980530] INFO  (ext): Connection explorer changed. Will be updated.
    ns: "conn-man:explorer"
[1726744982818] INFO  (ext): Connection explorer changed. Will be updated.
    ns: "conn-man:explorer"
[1726744983532] INFO  (ext): Connection explorer changed. Will be updated.
    ns: "conn-man:explorer"
[1726744985060] INFO  (ext): Connection explorer changed. Will be updated.
    ns: "conn-man:explorer"
[1726744985060] INFO  (ext): Connection explorer changed. Will be updated.
    ns: "conn-man:explorer"
[1726744985437] INFO  (ext): Connection explorer changed. Will be updated.
    ns: "conn-man:explorer"
[1726744985438] INFO  (ext): Connection explorer changed. Will be updated.
    ns: "conn-man:explorer"
[1726744986890] INFO  (ext): Connection explorer changed. Will be updated.
    ns: "conn-man:explorer"
[1726744988799] INFO  (ext): Connection explorer changed. Will be updated.
    ns: "conn-man:explorer"
[1726745160816] INFO  (ext): Connection explorer changed. Will be updated.
    ns: "conn-man:explorer"
[1726745163105] INFO  (ext): Connection explorer changed. Will be updated.
    ns: "conn-man:explorer"
[1726745163838] INFO  (ext): Connection explorer changed. Will be updated.
    ns: "conn-man:explorer"
[1726745165433] INFO  (ext): Connection explorer changed. Will be updated.
    ns: "conn-man:explorer"
[1726745165433] INFO  (ext): Connection explorer changed. Will be updated.
    ns: "conn-man:explorer"
[1726745166004] INFO  (ext): Connection explorer changed. Will be updated.
    ns: "conn-man:explorer"
[1726745166016] INFO  (ext): Connection explorer changed. Will be updated.
    ns: "conn-man:explorer"
[1726745167385] INFO  (ext): Connection explorer changed. Will be updated.
    ns: "conn-man:explorer"
[1726745169315] INFO  (ext): Connection explorer changed. Will be updated.
    ns: "conn-man:explorer"
[1726745341127] INFO  (ext): Connection explorer changed. Will be updated.
    ns: "conn-man:explorer"
[1726745343438] INFO  (ext): Connection explorer changed. Will be updated.
    ns: "conn-man:explorer"
[1726745344135] INFO  (ext): Connection explorer changed. Will be updated.
    ns: "conn-man:explorer"
[1726745345806] INFO  (ext): Connection explorer changed. Will be updated.
    ns: "conn-man:explorer"
[1726745345806] INFO  (ext): Connection explorer changed. Will be updated.
    ns: "conn-man:explorer"
[1726745346303] INFO  (ext): Connection explorer changed. Will be updated.
    ns: "conn-man:explorer"
[1726745346304] INFO  (ext): Connection explorer changed. Will be updated.
    ns: "conn-man:explorer"
[1726745347883] INFO  (ext): Connection explorer changed. Will be updated.
    ns: "conn-man:explorer"
[1726745349836] INFO  (ext): Connection explorer changed. Will be updated.
    ns: "conn-man:explorer"
[1726745521445] INFO  (ext): Connection explorer changed. Will be updated.
    ns: "conn-man:explorer"
[1726745523748] INFO  (ext): Connection explorer changed. Will be updated.
    ns: "conn-man:explorer"
[1726745524447] INFO  (ext): Connection explorer changed. Will be updated.
    ns: "conn-man:explorer"
[1726745526167] INFO  (ext): Connection explorer changed. Will be updated.
    ns: "conn-man:explorer"
[1726745526167] INFO  (ext): Connection explorer changed. Will be updated.
    ns: "conn-man:explorer"
[1726745526601] INFO  (ext): Connection explorer changed. Will be updated.
    ns: "conn-man:explorer"
[1726745526601] INFO  (ext): Connection explorer changed. Will be updated.
    ns: "conn-man:explorer"
[1726745528382] INFO  (ext): Connection explorer changed. Will be updated.
    ns: "conn-man:explorer"
[1726745530357] INFO  (ext): Connection explorer changed. Will be updated.
    ns: "conn-man:explorer"
[1726745701696] INFO  (ext): Connection explorer changed. Will be updated.
    ns: "conn-man:explorer"
[1726745704088] INFO  (ext): Connection explorer changed. Will be updated.
    ns: "conn-man:explorer"
[1726745704765] INFO  (ext): Connection explorer changed. Will be updated.
    ns: "conn-man:explorer"
[1726745706550] INFO  (ext): Connection explorer changed. Will be updated.
    ns: "conn-man:explorer"
[1726745706550] INFO  (ext): Connection explorer changed. Will be updated.
    ns: "conn-man:explorer"
[1726745707047] INFO  (ext): Connection explorer changed. Will be updated.
    ns: "conn-man:explorer"
[1726745707048] INFO  (ext): Connection explorer changed. Will be updated.
    ns: "conn-man:explorer"
[1726745708878] INFO  (ext): Connection explorer changed. Will be updated.
    ns: "conn-man:explorer"
[1726745710876] INFO  (ext): Connection explorer changed. Will be updated.
    ns: "conn-man:explorer"
[1726745881983] INFO  (ext): Connection explorer changed. Will be updated.
    ns: "conn-man:explorer"
[1726745884393] INFO  (ext): Connection explorer changed. Will be updated.
    ns: "conn-man:explorer"
[1726745885076] INFO  (ext): Connection explorer changed. Will be updated.
    ns: "conn-man:explorer"
[1726745886924] INFO  (ext): Connection explorer changed. Will be updated.
    ns: "conn-man:explorer"
[1726745886924] INFO  (ext): Connection explorer changed. Will be updated.
    ns: "conn-man:explorer"
[1726745887346] INFO  (ext): Connection explorer changed. Will be updated.
    ns: "conn-man:explorer"
[1726745887347] INFO  (ext): Connection explorer changed. Will be updated.
    ns: "conn-man:explorer"
[1726745889379] INFO  (ext): Connection explorer changed. Will be updated.
    ns: "conn-man:explorer"
[1726745891399] INFO  (ext): Connection explorer changed. Will be updated.
    ns: "conn-man:explorer"
[1726746062268] INFO  (ext): Connection explorer changed. Will be updated.
    ns: "conn-man:explorer"
[1726746064745] INFO  (ext): Connection explorer changed. Will be updated.
    ns: "conn-man:explorer"
[1726746065411] INFO  (ext): Connection explorer changed. Will be updated.
    ns: "conn-man:explorer"
[1726746067310] INFO  (ext): Connection explorer changed. Will be updated.
    ns: "conn-man:explorer"
[1726746067310] INFO  (ext): Connection explorer changed. Will be updated.
    ns: "conn-man:explorer"
[1726746067707] INFO  (ext): Connection explorer changed. Will be updated.
    ns: "conn-man:explorer"
[1726746067708] INFO  (ext): Connection explorer changed. Will be updated.
    ns: "conn-man:explorer"
[1726746069881] INFO  (ext): Connection explorer changed. Will be updated.
    ns: "conn-man:explorer"
[1726746071916] INFO  (ext): Connection explorer changed. Will be updated.
    ns: "conn-man:explorer"
[1726746242555] INFO  (ext): Connection explorer changed. Will be updated.
    ns: "conn-man:explorer"
[1726746245042] INFO  (ext): Connection explorer changed. Will be updated.
    ns: "conn-man:explorer"
[1726746245718] INFO  (ext): Connection explorer changed. Will be updated.
    ns: "conn-man:explorer"
[1726746247674] INFO  (ext): Connection explorer changed. Will be updated.
    ns: "conn-man:explorer"
[1726746247674] INFO  (ext): Connection explorer changed. Will be updated.
    ns: "conn-man:explorer"
[1726746248205] INFO  (ext): Connection explorer changed. Will be updated.
    ns: "conn-man:explorer"
[1726746248213] INFO  (ext): Connection explorer changed. Will be updated.
    ns: "conn-man:explorer"
[1726746250377] INFO  (ext): Connection explorer changed. Will be updated.
    ns: "conn-man:explorer"
[1726746252439] INFO  (ext): Connection explorer changed. Will be updated.
    ns: "conn-man:explorer"
[1726746422843] INFO  (ext): Connection explorer changed. Will be updated.
    ns: "conn-man:explorer"
[1726746425369] INFO  (ext): Connection explorer changed. Will be updated.
    ns: "conn-man:explorer"
[1726746426061] INFO  (ext): Connection explorer changed. Will be updated.
    ns: "conn-man:explorer"
[1726746428041] INFO  (ext): Connection explorer changed. Will be updated.
    ns: "conn-man:explorer"
[1726746428041] INFO  (ext): Connection explorer changed. Will be updated.
    ns: "conn-man:explorer"
[1726746428510] INFO  (ext): Connection explorer changed. Will be updated.
    ns: "conn-man:explorer"
[1726746428511] INFO  (ext): Connection explorer changed. Will be updated.
    ns: "conn-man:explorer"
[1726746430898] INFO  (ext): Connection explorer changed. Will be updated.
    ns: "conn-man:explorer"
[1726746432962] INFO  (ext): Connection explorer changed. Will be updated.
    ns: "conn-man:explorer"
[1726746603130] INFO  (ext): Connection explorer changed. Will be updated.
    ns: "conn-man:explorer"
[1726746605672] INFO  (ext): Connection explorer changed. Will be updated.
    ns: "conn-man:explorer"
[1726746606356] INFO  (ext): Connection explorer changed. Will be updated.
    ns: "conn-man:explorer"
[1726746608422] INFO  (ext): Connection explorer changed. Will be updated.
    ns: "conn-man:explorer"
[1726746608422] INFO  (ext): Connection explorer changed. Will be updated.
    ns: "conn-man:explorer"
[1726746608811] INFO  (ext): Connection explorer changed. Will be updated.
    ns: "conn-man:explorer"
[1726746608812] INFO  (ext): Connection explorer changed. Will be updated.
    ns: "conn-man:explorer"
[1726746611417] INFO  (ext): Connection explorer changed. Will be updated.
    ns: "conn-man:explorer"
[1726746613482] INFO  (ext): Connection explorer changed. Will be updated.
    ns: "conn-man:explorer"
