[1726834278226] INFO  (ext): SQLTools is starting
[1726834278230] INFO  (ext): initializing language client...
[1726834278285] INFO  (ext): Registering client for languages [{"scheme":"sqltools"},{"language":"sql","scheme":"untitled"},{"language":"sql","scheme":"file"},{"language":"sql","scheme":"sqltools"}]
    ns: "lc"
[1726834278297] INFO  (ext): loading plugins...
[1726834278297] INFO  (ext): registering Formatter Plugin.
    plugin: {
      "name": "Formatter Plugin"
    }
[1726834278298] INFO  (ext): registering Connection Manager Plugin.
    plugin: {
      "name": "Connection Manager Plugin"
    }
[1726834278298] INFO  (ext): registering CodeLens Plugin.
    plugin: {
      "name": "CodeLens Plugin",
      "registeredLanguages": []
    }
[1726834278299] INFO  (ext): registering Dependency Manager Plugin.
    plugin: {
      "name": "Dependency Manager Plugin",
      "installingDrivers": []
    }
[1726834278300] INFO  (ext): Connection explorer changed. Will be updated.
    ns: "conn-man:explorer"
[1726834278300] INFO  (ext): registering History Manager Plugin.
    plugin: {
      "name": "History Manager Plugin"
    }
[1726834278301] INFO  (ext): registering Bookmarks Manager Plugin.
    plugin: {
      "name": "Bookmarks Manager Plugin"
    }
[1726834278302] INFO  (ext): registering Authentication Provider Plugin.
    plugin: {
      "name": "Authentication Provider Plugin",
      "isRegistered": false
    }
[1726834278302] INFO  (ext): registering Object Drop-in Provider (plugin).
    plugin: {
      "type": "plugin",
      "name": "Object Drop-in Provider",
      "isRegistered": false
    }
[1726834278303] INFO  (ext): SQLTools activation completed. 76.086573 ms
[1726834278305] INFO  (ext): Formatter Plugin registered!
[1726834278305] INFO  (ext): CodeLens Plugin registered!
[1726834278305] INFO  (ext): Dependency Manager Plugin registered!
[1726834278305] INFO  (ext): Connection Manager Plugin registered!
[1726834278305] INFO  (ext): History Manager Plugin registered!
[1726834278305] INFO  (ext): Bookmarks Manager Plugin registered!
[1726834278305] INFO  (ext): Authentication Provider Plugin registered!
[1726834278305] INFO  (ext): Object Drop-in Provider (plugin) registered!
[1726834279197] INFO  (ls): SQLTools Server started!
===============================
Using node runtime?: yes
ExecPath: /opt/nodejs/node-v20.15.1-linux-x64/bin/node v20.15.1
===============================
[1726834279200] INFO  (ls): User defined env vars
===============================
{"PATH":"/usr/local/sbin:/usr/local/bin:/usr/sbin:/usr/bin:/sbin:/bin:/home/user/.node_modules_global/bin"}
===============================:
[1726834279213] INFO  (ext): LanguageClient ready
    ns: "lc"
[1726834279211] INFO  (ls): Initialized with node version:v20.15.1
[1726834279266] INFO  (ext): Connection explorer changed. Will be updated.
    ns: "conn-man:explorer"
[1726834279305] INFO  (ext): EXECUTING COMMAND => sqltools.refreshTree
[1726834279305] INFO  (ext): Connection explorer changed. Will be updated.
    ns: "conn-man:explorer"
[1726834279378] INFO  (ext): Connection explorer changed. Will be updated.
    ns: "conn-man:explorer"
[1726834279764] INFO  (ext): registering SQLite Plugin (driver).
    plugin: {
      "extensionId": "mtxr.sqltools-driver-sqlite",
      "name": "SQLite Plugin",
      "type": "driver"
    }
[1726834279765] INFO  (ls): REQUEST RECEIVED => ls/RegisterPlugin
[1726834279765] INFO  (ls): request to register plugin: "/extbin/local/openvscode-server/extensions/mtxr.sqltools-driver-sqlite-0.5.0/out/ls/plugin.js"
[1726834279789] INFO  (ls): Driver sqlite registered!
    place: "driver-map"
    ns: "ls-context"
[1726834280480] INFO  (ext): SQLite Plugin (driver) registered!
[1726834280481] INFO  (ext): Connection explorer changed. Will be updated.
    ns: "conn-man:explorer"
[1726834280580] INFO  (ext): Connection explorer changed. Will be updated.
    ns: "conn-man:explorer"
[1726834280599] INFO  (ext): Connection explorer changed. Will be updated.
    ns: "conn-man:explorer"
[1726834280599] INFO  (ext): Connection explorer changed. Will be updated.
    ns: "conn-man:explorer"
[1726834280599] INFO  (ext): Connection explorer changed. Will be updated.
    ns: "conn-man:explorer"
[1726834280630] INFO  (ext): Connection explorer changed. Will be updated.
    ns: "conn-man:explorer"
[1726834281252] INFO  (ext): Connection explorer changed. Will be updated.
    ns: "conn-man:explorer"
[1726834281480] INFO  (ext): EXECUTING COMMAND => sqltools.refreshTree
[1726834281480] INFO  (ext): Connection explorer changed. Will be updated.
    ns: "conn-man:explorer"
[1726834283821] INFO  (ext): Connection explorer changed. Will be updated.
    ns: "conn-man:explorer"
[1726834286481] INFO  (ext): Connection explorer changed. Will be updated.
    ns: "conn-man:explorer"
[1726834455332] INFO  (ext): Connection explorer changed. Will be updated.
    ns: "conn-man:explorer"
[1726834576094] INFO  (ext): Connection explorer changed. Will be updated.
    ns: "conn-man:explorer"
[1726834629815] INFO  (ext): Connection explorer changed. Will be updated.
    ns: "conn-man:explorer"
[1726834629816] INFO  (ext): Connection explorer changed. Will be updated.
    ns: "conn-man:explorer"
[1726834629882] INFO  (ext): Connection explorer changed. Will be updated.
    ns: "conn-man:explorer"
[1726834629882] INFO  (ext): Connection explorer changed. Will be updated.
    ns: "conn-man:explorer"
[1726834629882] INFO  (ext): Connection explorer changed. Will be updated.
    ns: "conn-man:explorer"
[1726834629883] INFO  (ext): Connection explorer changed. Will be updated.
    ns: "conn-man:explorer"
[1726834630392] INFO  (ext): Connection explorer changed. Will be updated.
    ns: "conn-man:explorer"
[1726834636307] INFO  (ext): Connection explorer changed. Will be updated.
    ns: "conn-man:explorer"
[1726834697608] INFO  (ext): Connection explorer changed. Will be updated.
    ns: "conn-man:explorer"
[1726834757522] INFO  (ext): Connection explorer changed. Will be updated.
    ns: "conn-man:explorer"
[1726834757610] INFO  (ext): Connection explorer changed. Will be updated.
    ns: "conn-man:explorer"
[1726834757610] INFO  (ext): Connection explorer changed. Will be updated.
    ns: "conn-man:explorer"
[1726834757610] INFO  (ext): Connection explorer changed. Will be updated.
    ns: "conn-man:explorer"
[1726834757611] INFO  (ext): Connection explorer changed. Will be updated.
    ns: "conn-man:explorer"
[1726834757638] INFO  (ext): Connection explorer changed. Will be updated.
    ns: "conn-man:explorer"
[1726834811558] INFO  (ext): Connection explorer changed. Will be updated.
    ns: "conn-man:explorer"
[1726834835289] INFO  (ext): Connection explorer changed. Will be updated.
    ns: "conn-man:explorer"
[1726834878390] INFO  (ext): Connection explorer changed. Will be updated.
    ns: "conn-man:explorer"
[1726834975219] INFO  (ext): Connection explorer changed. Will be updated.
    ns: "conn-man:explorer"
[1726834975319] INFO  (ext): Connection explorer changed. Will be updated.
    ns: "conn-man:explorer"
[1726834975320] INFO  (ext): Connection explorer changed. Will be updated.
    ns: "conn-man:explorer"
[1726834975343] INFO  (ext): Connection explorer changed. Will be updated.
    ns: "conn-man:explorer"
[1726834975344] INFO  (ext): Connection explorer changed. Will be updated.
    ns: "conn-man:explorer"
[1726834975346] INFO  (ext): Connection explorer changed. Will be updated.
    ns: "conn-man:explorer"
[1726834992996] INFO  (ext): Connection explorer changed. Will be updated.
    ns: "conn-man:explorer"
[1726835015641] INFO  (ext): Connection explorer changed. Will be updated.
    ns: "conn-man:explorer"
[1726835058921] INFO  (ext): Connection explorer changed. Will be updated.
    ns: "conn-man:explorer"
[1726835155794] INFO  (ext): Connection explorer changed. Will be updated.
    ns: "conn-man:explorer"
[1726835156674] INFO  (ext): Connection explorer changed. Will be updated.
    ns: "conn-man:explorer"
[1726835156674] INFO  (ext): Connection explorer changed. Will be updated.
    ns: "conn-man:explorer"
[1726835156674] INFO  (ext): Connection explorer changed. Will be updated.
    ns: "conn-man:explorer"
[1726835156675] INFO  (ext): Connection explorer changed. Will be updated.
    ns: "conn-man:explorer"
[1726835156699] INFO  (ext): Connection explorer changed. Will be updated.
    ns: "conn-man:explorer"
[1726835173519] INFO  (ext): Connection explorer changed. Will be updated.
    ns: "conn-man:explorer"
[1726835195918] INFO  (ext): Connection explorer changed. Will be updated.
    ns: "conn-man:explorer"
[1726835239570] INFO  (ext): Connection explorer changed. Will be updated.
    ns: "conn-man:explorer"
[1726835336440] INFO  (ext): Connection explorer changed. Will be updated.
    ns: "conn-man:explorer"
[1726835337462] INFO  (ext): Connection explorer changed. Will be updated.
    ns: "conn-man:explorer"
[1726835337462] INFO  (ext): Connection explorer changed. Will be updated.
    ns: "conn-man:explorer"
[1726835337462] INFO  (ext): Connection explorer changed. Will be updated.
    ns: "conn-man:explorer"
[1726835337463] INFO  (ext): Connection explorer changed. Will be updated.
    ns: "conn-man:explorer"
[1726835337488] INFO  (ext): Connection explorer changed. Will be updated.
    ns: "conn-man:explorer"
[1726835354633] INFO  (ext): Connection explorer changed. Will be updated.
    ns: "conn-man:explorer"
[1726835377313] INFO  (ext): Connection explorer changed. Will be updated.
    ns: "conn-man:explorer"
[1726835420061] INFO  (ext): Connection explorer changed. Will be updated.
    ns: "conn-man:explorer"
[1726835516814] INFO  (ext): Connection explorer changed. Will be updated.
    ns: "conn-man:explorer"
[1726835518097] INFO  (ext): Connection explorer changed. Will be updated.
    ns: "conn-man:explorer"
[1726835518097] INFO  (ext): Connection explorer changed. Will be updated.
    ns: "conn-man:explorer"
[1726835518097] INFO  (ext): Connection explorer changed. Will be updated.
    ns: "conn-man:explorer"
[1726835518102] INFO  (ext): Connection explorer changed. Will be updated.
    ns: "conn-man:explorer"
[1726835519447] INFO  (ext): Connection explorer changed. Will be updated.
    ns: "conn-man:explorer"
[1726835529459] INFO  (ext): Connection explorer changed. Will be updated.
    ns: "conn-man:explorer"
[1726835535355] INFO  (ext): Connection explorer changed. Will be updated.
    ns: "conn-man:explorer"
[1726835557549] INFO  (ext): Connection explorer changed. Will be updated.
    ns: "conn-man:explorer"
[1726835600565] INFO  (ext): Connection explorer changed. Will be updated.
    ns: "conn-man:explorer"
[1726835629934] INFO  (ext): Connection explorer changed. Will be updated.
    ns: "conn-man:explorer"
[1726835667472] INFO  (ext): Connection explorer changed. Will be updated.
    ns: "conn-man:explorer"
[1726835697294] INFO  (ext): Connection explorer changed. Will be updated.
    ns: "conn-man:explorer"
[1726835698547] INFO  (ext): Connection explorer changed. Will be updated.
    ns: "conn-man:explorer"
[1726835698548] INFO  (ext): Connection explorer changed. Will be updated.
    ns: "conn-man:explorer"
[1726835698548] INFO  (ext): Connection explorer changed. Will be updated.
    ns: "conn-man:explorer"
[1726835698549] INFO  (ext): Connection explorer changed. Will be updated.
    ns: "conn-man:explorer"
[1726835699940] INFO  (ext): Connection explorer changed. Will be updated.
    ns: "conn-man:explorer"
[1726835716696] INFO  (ext): Connection explorer changed. Will be updated.
    ns: "conn-man:explorer"
[1726835738458] INFO  (ext): Connection explorer changed. Will be updated.
    ns: "conn-man:explorer"
[1726835781380] INFO  (ext): Connection explorer changed. Will be updated.
    ns: "conn-man:explorer"
[1726835877758] INFO  (ext): Connection explorer changed. Will be updated.
    ns: "conn-man:explorer"
[1726835879174] INFO  (ext): Connection explorer changed. Will be updated.
    ns: "conn-man:explorer"
[1726835879175] INFO  (ext): Connection explorer changed. Will be updated.
    ns: "conn-man:explorer"
[1726835879175] INFO  (ext): Connection explorer changed. Will be updated.
    ns: "conn-man:explorer"
[1726835879202] INFO  (ext): Connection explorer changed. Will be updated.
    ns: "conn-man:explorer"
[1726835880453] INFO  (ext): Connection explorer changed. Will be updated.
    ns: "conn-man:explorer"
[1726835897452] INFO  (ext): Connection explorer changed. Will be updated.
    ns: "conn-man:explorer"
[1726835919218] INFO  (ext): Connection explorer changed. Will be updated.
    ns: "conn-man:explorer"
[1726835962270] INFO  (ext): Connection explorer changed. Will be updated.
    ns: "conn-man:explorer"
[1726836058504] INFO  (ext): Connection explorer changed. Will be updated.
    ns: "conn-man:explorer"
[1726836059873] INFO  (ext): Connection explorer changed. Will be updated.
    ns: "conn-man:explorer"
[1726836059873] INFO  (ext): Connection explorer changed. Will be updated.
    ns: "conn-man:explorer"
[1726836059873] INFO  (ext): Connection explorer changed. Will be updated.
    ns: "conn-man:explorer"
[1726836060486] INFO  (ext): Connection explorer changed. Will be updated.
    ns: "conn-man:explorer"
[1726836061409] INFO  (ext): Connection explorer changed. Will be updated.
    ns: "conn-man:explorer"
[1726836078695] INFO  (ext): Connection explorer changed. Will be updated.
    ns: "conn-man:explorer"
[1726836100935] INFO  (ext): Connection explorer changed. Will be updated.
    ns: "conn-man:explorer"
[1726836143140] INFO  (ext): Connection explorer changed. Will be updated.
    ns: "conn-man:explorer"
[1726836239655] INFO  (ext): Connection explorer changed. Will be updated.
    ns: "conn-man:explorer"
[1726836240523] INFO  (ext): Connection explorer changed. Will be updated.
    ns: "conn-man:explorer"
[1726836240523] INFO  (ext): Connection explorer changed. Will be updated.
    ns: "conn-man:explorer"
[1726836240523] INFO  (ext): Connection explorer changed. Will be updated.
    ns: "conn-man:explorer"
[1726836241920] INFO  (ext): Connection explorer changed. Will be updated.
    ns: "conn-man:explorer"
[1726836242560] INFO  (ext): Connection explorer changed. Will be updated.
    ns: "conn-man:explorer"
[1726836376103] INFO  (ext): Connection explorer changed. Will be updated.
    ns: "conn-man:explorer"
[1726836435903] INFO  (ext): Connection explorer changed. Will be updated.
    ns: "conn-man:explorer"
[1726836435946] INFO  (ext): Connection explorer changed. Will be updated.
    ns: "conn-man:explorer"
[1726836495909] INFO  (ext): Connection explorer changed. Will be updated.
    ns: "conn-man:explorer"
[1726836495998] INFO  (ext): Connection explorer changed. Will be updated.
    ns: "conn-man:explorer"
[1726836495998] INFO  (ext): Connection explorer changed. Will be updated.
    ns: "conn-man:explorer"
[1726836495998] INFO  (ext): Connection explorer changed. Will be updated.
    ns: "conn-man:explorer"
[1726836495999] INFO  (ext): Connection explorer changed. Will be updated.
    ns: "conn-man:explorer"
[1726836534450] INFO  (ext): Connection explorer changed. Will be updated.
    ns: "conn-man:explorer"
[1726836534948] INFO  (ext): Connection explorer changed. Will be updated.
    ns: "conn-man:explorer"
[1726836557378] INFO  (ext): Connection explorer changed. Will be updated.
    ns: "conn-man:explorer"
[1726836557559] INFO  (ext): Connection explorer changed. Will be updated.
    ns: "conn-man:explorer"
[1726836735903] INFO  (ext): Connection explorer changed. Will be updated.
    ns: "conn-man:explorer"
[1726836735956] INFO  (ext): Connection explorer changed. Will be updated.
    ns: "conn-man:explorer"
[1726836735956] INFO  (ext): Connection explorer changed. Will be updated.
    ns: "conn-man:explorer"
[1726836735956] INFO  (ext): Connection explorer changed. Will be updated.
    ns: "conn-man:explorer"
[1726836735958] INFO  (ext): Connection explorer changed. Will be updated.
    ns: "conn-man:explorer"
[1726836795925] INFO  (ext): Connection explorer changed. Will be updated.
    ns: "conn-man:explorer"
[1726836855905] INFO  (ext): Connection explorer changed. Will be updated.
    ns: "conn-man:explorer"
[1726836855935] INFO  (ext): Connection explorer changed. Will be updated.
    ns: "conn-man:explorer"
[1726836975893] INFO  (ext): Connection explorer changed. Will be updated.
    ns: "conn-man:explorer"
[1726837035903] INFO  (ext): Connection explorer changed. Will be updated.
    ns: "conn-man:explorer"
[1726837095929] INFO  (ext): Connection explorer changed. Will be updated.
    ns: "conn-man:explorer"
[1726837155884] INFO  (ext): Connection explorer changed. Will be updated.
    ns: "conn-man:explorer"
[1726837155935] INFO  (ext): Connection explorer changed. Will be updated.
    ns: "conn-man:explorer"
[1726837155935] INFO  (ext): Connection explorer changed. Will be updated.
    ns: "conn-man:explorer"
[1726837155935] INFO  (ext): Connection explorer changed. Will be updated.
    ns: "conn-man:explorer"
[1726837155936] INFO  (ext): Connection explorer changed. Will be updated.
    ns: "conn-man:explorer"
[1726837275889] INFO  (ext): Connection explorer changed. Will be updated.
    ns: "conn-man:explorer"
[1726837378294] INFO  (ext): Connection explorer changed. Will be updated.
    ns: "conn-man:explorer"
[1726837378625] INFO  (ext): Connection explorer changed. Will be updated.
    ns: "conn-man:explorer"
[1726837379166] INFO  (ext): Connection explorer changed. Will be updated.
    ns: "conn-man:explorer"
[1726837379697] INFO  (ext): Connection explorer changed. Will be updated.
    ns: "conn-man:explorer"
[1726837379775] INFO  (ext): Connection explorer changed. Will be updated.
    ns: "conn-man:explorer"
[1726837379775] INFO  (ext): Connection explorer changed. Will be updated.
    ns: "conn-man:explorer"
[1726837379833] INFO  (ext): Connection explorer changed. Will be updated.
    ns: "conn-man:explorer"
[1726837379836] INFO  (ext): Connection explorer changed. Will be updated.
    ns: "conn-man:explorer"
[1726837397374] INFO  (ext): Connection explorer changed. Will be updated.
    ns: "conn-man:explorer"
[1726837635906] INFO  (ext): Connection explorer changed. Will be updated.
    ns: "conn-man:explorer"
[1726837695899] INFO  (ext): Connection explorer changed. Will be updated.
    ns: "conn-man:explorer"
[1726837695944] INFO  (ext): Connection explorer changed. Will be updated.
    ns: "conn-man:explorer"
[1726837755883] INFO  (ext): Connection explorer changed. Will be updated.
    ns: "conn-man:explorer"
[1726837755932] INFO  (ext): Connection explorer changed. Will be updated.
    ns: "conn-man:explorer"
[1726837755933] INFO  (ext): Connection explorer changed. Will be updated.
    ns: "conn-man:explorer"
[1726837755933] INFO  (ext): Connection explorer changed. Will be updated.
    ns: "conn-man:explorer"
[1726837755934] INFO  (ext): Connection explorer changed. Will be updated.
    ns: "conn-man:explorer"
[1726837875860] INFO  (ext): Connection explorer changed. Will be updated.
    ns: "conn-man:explorer"
[1726837995860] INFO  (ext): Connection explorer changed. Will be updated.
    ns: "conn-man:explorer"
[1726838055885] INFO  (ext): Connection explorer changed. Will be updated.
    ns: "conn-man:explorer"
[1726838115908] INFO  (ext): Connection explorer changed. Will be updated.
    ns: "conn-man:explorer"
[1726838175880] INFO  (ext): Connection explorer changed. Will be updated.
    ns: "conn-man:explorer"
[1726838175919] INFO  (ext): Connection explorer changed. Will be updated.
    ns: "conn-man:explorer"
[1726838175919] INFO  (ext): Connection explorer changed. Will be updated.
    ns: "conn-man:explorer"
[1726838175919] INFO  (ext): Connection explorer changed. Will be updated.
    ns: "conn-man:explorer"
[1726838175921] INFO  (ext): Connection explorer changed. Will be updated.
    ns: "conn-man:explorer"
[1726838295858] INFO  (ext): Connection explorer changed. Will be updated.
    ns: "conn-man:explorer"
[1726838415847] INFO  (ext): Connection explorer changed. Will be updated.
    ns: "conn-man:explorer"
[1726838475933] INFO  (ext): Connection explorer changed. Will be updated.
    ns: "conn-man:explorer"
[1726838535905] INFO  (ext): Connection explorer changed. Will be updated.
    ns: "conn-man:explorer"
[1726838595865] INFO  (ext): Connection explorer changed. Will be updated.
    ns: "conn-man:explorer"
[1726838595911] INFO  (ext): Connection explorer changed. Will be updated.
    ns: "conn-man:explorer"
[1726838595911] INFO  (ext): Connection explorer changed. Will be updated.
    ns: "conn-man:explorer"
[1726838595911] INFO  (ext): Connection explorer changed. Will be updated.
    ns: "conn-man:explorer"
[1726838595912] INFO  (ext): Connection explorer changed. Will be updated.
    ns: "conn-man:explorer"
[1726838715852] INFO  (ext): Connection explorer changed. Will be updated.
    ns: "conn-man:explorer"
[1726838835839] INFO  (ext): Connection explorer changed. Will be updated.
    ns: "conn-man:explorer"
[1726838895882] INFO  (ext): Connection explorer changed. Will be updated.
    ns: "conn-man:explorer"
[1726838955891] INFO  (ext): Connection explorer changed. Will be updated.
    ns: "conn-man:explorer"
[1726839015850] INFO  (ext): Connection explorer changed. Will be updated.
    ns: "conn-man:explorer"
[1726839015897] INFO  (ext): Connection explorer changed. Will be updated.
    ns: "conn-man:explorer"
[1726839015897] INFO  (ext): Connection explorer changed. Will be updated.
    ns: "conn-man:explorer"
[1726839015897] INFO  (ext): Connection explorer changed. Will be updated.
    ns: "conn-man:explorer"
[1726839015898] INFO  (ext): Connection explorer changed. Will be updated.
    ns: "conn-man:explorer"
[1726839135832] INFO  (ext): Connection explorer changed. Will be updated.
    ns: "conn-man:explorer"
