[1726670388258] INFO  (ext): SQLTools is starting
[1726670388266] INFO  (ext): initializing language client...
[1726670388310] INFO  (ext): Registering client for languages [{"scheme":"sqltools"},{"language":"sql","scheme":"untitled"},{"language":"sql","scheme":"file"},{"language":"sql","scheme":"sqltools"}]
    ns: "lc"
[1726670388320] INFO  (ext): loading plugins...
[1726670388320] INFO  (ext): registering Formatter Plugin.
    plugin: {
      "name": "Formatter Plugin"
    }
[1726670388320] INFO  (ext): registering Connection Manager Plugin.
    plugin: {
      "name": "Connection Manager Plugin"
    }
[1726670388320] INFO  (ext): registering CodeLens Plugin.
    plugin: {
      "name": "CodeLens Plugin",
      "registeredLanguages": []
    }
[1726670388321] INFO  (ext): registering Dependency Manager Plugin.
    plugin: {
      "name": "Dependency Manager Plugin",
      "installingDrivers": []
    }
[1726670388322] INFO  (ext): Connection explorer changed. Will be updated.
    ns: "conn-man:explorer"
[1726670388322] INFO  (ext): registering History Manager Plugin.
    plugin: {
      "name": "History Manager Plugin"
    }
[1726670388323] INFO  (ext): registering Bookmarks Manager Plugin.
    plugin: {
      "name": "Bookmarks Manager Plugin"
    }
[1726670388323] INFO  (ext): registering Authentication Provider Plugin.
    plugin: {
      "name": "Authentication Provider Plugin",
      "isRegistered": false
    }
[1726670388324] INFO  (ext): registering Object Drop-in Provider (plugin).
    plugin: {
      "type": "plugin",
      "name": "Object Drop-in Provider",
      "isRegistered": false
    }
[1726670388324] INFO  (ext): SQLTools activation completed. 66.232297 ms
[1726670388326] INFO  (ext): Formatter Plugin registered!
[1726670388326] INFO  (ext): CodeLens Plugin registered!
[1726670388326] INFO  (ext): Dependency Manager Plugin registered!
[1726670388327] INFO  (ext): Connection Manager Plugin registered!
[1726670388327] INFO  (ext): History Manager Plugin registered!
[1726670388327] INFO  (ext): Bookmarks Manager Plugin registered!
[1726670388327] INFO  (ext): Authentication Provider Plugin registered!
[1726670388327] INFO  (ext): Object Drop-in Provider (plugin) registered!
[1726670389283] INFO  (ls): SQLTools Server started!
===============================
Using node runtime?: yes
ExecPath: /opt/nodejs/node-v20.15.1-linux-x64/bin/node v20.15.1
===============================
[1726670389288] INFO  (ls): User defined env vars
===============================
{"PATH":"/usr/local/sbin:/usr/local/bin:/usr/sbin:/usr/bin:/sbin:/bin:/home/user/.node_modules_global/bin"}
===============================:
[1726670389292] INFO  (ext): LanguageClient ready
    ns: "lc"
[1726670389290] INFO  (ls): Initialized with node version:v20.15.1
[1726670389327] INFO  (ext): EXECUTING COMMAND => sqltools.refreshTree
[1726670389327] INFO  (ext): Connection explorer changed. Will be updated.
    ns: "conn-man:explorer"
[1726670389782] INFO  (ext): registering SQLite Plugin (driver).
    plugin: {
      "extensionId": "mtxr.sqltools-driver-sqlite",
      "name": "SQLite Plugin",
      "type": "driver"
    }
[1726670389783] INFO  (ls): REQUEST RECEIVED => ls/RegisterPlugin
[1726670389783] INFO  (ls): request to register plugin: "/extbin/local/openvscode-server/extensions/mtxr.sqltools-driver-sqlite-0.5.0/out/ls/plugin.js"
[1726670389818] INFO  (ls): Driver sqlite registered!
    place: "driver-map"
    ns: "ls-context"
[1726670390491] INFO  (ext): SQLite Plugin (driver) registered!
[1726670390508] INFO  (ext): Connection explorer changed. Will be updated.
    ns: "conn-man:explorer"
[1726670391492] INFO  (ext): EXECUTING COMMAND => sqltools.refreshTree
[1726670391492] INFO  (ext): Connection explorer changed. Will be updated.
    ns: "conn-man:explorer"
[1726670394062] INFO  (ext): Connection explorer changed. Will be updated.
    ns: "conn-man:explorer"
[1726670395712] INFO  (ext): Connection explorer changed. Will be updated.
    ns: "conn-man:explorer"
[1726670429705] INFO  (ext): Connection explorer changed. Will be updated.
    ns: "conn-man:explorer"
[1726670463293] INFO  (ext): Connection explorer changed. Will be updated.
    ns: "conn-man:explorer"
[1726670545431] INFO  (ext): Connection explorer changed. Will be updated.
    ns: "conn-man:explorer"
[1726670730792] INFO  (ext): Connection explorer changed. Will be updated.
    ns: "conn-man:explorer"
[1726670731176] INFO  (ext): Connection explorer changed. Will be updated.
    ns: "conn-man:explorer"
[1726670731726] INFO  (ext): Connection explorer changed. Will be updated.
    ns: "conn-man:explorer"
[1726670731751] INFO  (ext): Connection explorer changed. Will be updated.
    ns: "conn-man:explorer"
[1726670732074] INFO  (ext): Connection explorer changed. Will be updated.
    ns: "conn-man:explorer"
[1726670732309] INFO  (ext): Connection explorer changed. Will be updated.
    ns: "conn-man:explorer"
[1726670732309] INFO  (ext): Connection explorer changed. Will be updated.
    ns: "conn-man:explorer"
[1726670732309] INFO  (ext): Connection explorer changed. Will be updated.
    ns: "conn-man:explorer"
[1726670732310] INFO  (ext): Connection explorer changed. Will be updated.
    ns: "conn-man:explorer"
[1726670732603] INFO  (ext): Connection explorer changed. Will be updated.
    ns: "conn-man:explorer"
[1726670911425] INFO  (ext): Connection explorer changed. Will be updated.
    ns: "conn-man:explorer"
[1726670912069] INFO  (ext): Connection explorer changed. Will be updated.
    ns: "conn-man:explorer"
[1726670912641] INFO  (ext): Connection explorer changed. Will be updated.
    ns: "conn-man:explorer"
[1726670912751] INFO  (ext): Connection explorer changed. Will be updated.
    ns: "conn-man:explorer"
[1726670912751] INFO  (ext): Connection explorer changed. Will be updated.
    ns: "conn-man:explorer"
[1726670912751] INFO  (ext): Connection explorer changed. Will be updated.
    ns: "conn-man:explorer"
[1726670912772] INFO  (ext): Connection explorer changed. Will be updated.
    ns: "conn-man:explorer"
[1726670912774] INFO  (ext): Connection explorer changed. Will be updated.
    ns: "conn-man:explorer"
[1726670913364] INFO  (ext): Connection explorer changed. Will be updated.
    ns: "conn-man:explorer"
[1726671011022] INFO  (ext): Connection explorer changed. Will be updated.
    ns: "conn-man:explorer"
[1726671277037] INFO  (ext): Connection explorer changed. Will be updated.
    ns: "conn-man:explorer"
