2024-09-18 17:28:06.011 [error] Error: EEXIST: file already exists, open '/home/user/.vscode/data/User/workspaceStorage/-62c10358/vscode.lock'
2024-09-18 17:28:17.738 [error] Error: listen EADDRINUSE: address already in use :::8888
	at Server.setupListenHandle [as _listen2] (node:net:1898:16)
	at listenInCluster (node:net:1946:12)
	at Server.listen (node:net:2044:7)
	at Function.listen (/extbin/local/openvscode-server/extensions/vscode-webide-adapter/dist/extension.js:17506:24)
	at startWattServer (/extbin/local/openvscode-server/extensions/vscode-webide-adapter/dist/extension.js:93337:32)
	at activate (/extbin/local/openvscode-server/extensions/vscode-webide-adapter/dist/extension.js:104147:53)
	at J.kb (/extbin/local/openvscode-server/out/vs/workbench/api/node/extensionHostProcess.js:159:13460)
	at J.jb (/extbin/local/openvscode-server/out/vs/workbench/api/node/extensionHostProcess.js:159:13173)
	at /extbin/local/openvscode-server/out/vs/workbench/api/node/extensionHostProcess.js:159:11198
	at async o.n (/extbin/local/openvscode-server/out/vs/workbench/api/node/extensionHostProcess.js:143:6361)
	at async o.m (/extbin/local/openvscode-server/out/vs/workbench/api/node/extensionHostProcess.js:143:6324)
	at async o.l (/extbin/local/openvscode-server/out/vs/workbench/api/node/extensionHostProcess.js:143:5781)
2024-09-18 17:28:17.743 [error] Error: listen EADDRINUSE: address already in use :::3001
	at Server.setupListenHandle [as _listen2] (node:net:1898:16)
	at listenInCluster (node:net:1946:12)
	at Server.listen (node:net:2044:7)
	at E.listen (/extbin/local/openvscode-server/extensions/vscode-wing-expose-router-ports-2.4.1-release/bundle/extension.js:2:501651)
	at /extbin/local/openvscode-server/extensions/vscode-wing-expose-router-ports-2.4.1-release/bundle/extension.js:2:1069315
	at /extbin/local/openvscode-server/extensions/vscode-wing-expose-router-ports-2.4.1-release/bundle/extension.js:2:1069448
	at t.activate (/extbin/local/openvscode-server/extensions/vscode-wing-expose-router-ports-2.4.1-release/bundle/extension.js:2:1069451)
	at J.kb (/extbin/local/openvscode-server/out/vs/workbench/api/node/extensionHostProcess.js:159:13460)
	at J.jb (/extbin/local/openvscode-server/out/vs/workbench/api/node/extensionHostProcess.js:159:13173)
	at /extbin/local/openvscode-server/out/vs/workbench/api/node/extensionHostProcess.js:159:11198
	at async o.n (/extbin/local/openvscode-server/out/vs/workbench/api/node/extensionHostProcess.js:143:6361)
	at async o.m (/extbin/local/openvscode-server/out/vs/workbench/api/node/extensionHostProcess.js:143:6324)
	at async o.l (/extbin/local/openvscode-server/out/vs/workbench/api/node/extensionHostProcess.js:143:5781)
