2024-10-01 09:31:42.772 [error] Error: EEXIST: file already exists, open '/home/user/.vscode/data/User/workspaceStorage/-6b7d28e8/vscode.lock'
2024-10-01 11:59:18.952 [error] Canceled: Canceled
	at new A (/extbin/local/openvscode-server/out/vs/workbench/api/node/extensionHostProcess.js:143:50615)
	at y.U (/extbin/local/openvscode-server/out/vs/workbench/api/node/extensionHostProcess.js:150:6007)
	at z.<computed>.M.charCodeAt.R.CharCode.DollarSign.z.<computed> (/extbin/local/openvscode-server/out/vs/workbench/api/node/extensionHostProcess.js:150:3091)
	at d.g (/extbin/local/openvscode-server/out/vs/workbench/api/node/extensionHostProcess.js:153:199939)
	at d.executeCommand (/extbin/local/openvscode-server/out/vs/workbench/api/node/extensionHostProcess.js:153:199377)
	at I.registerCommand.description (/extbin/local/openvscode-server/out/vs/workbench/api/node/extensionHostProcess.js:153:198701)
	at d.h (/extbin/local/openvscode-server/out/vs/workbench/api/node/extensionHostProcess.js:153:200478)
	at d.g (/extbin/local/openvscode-server/out/vs/workbench/api/node/extensionHostProcess.js:153:199470)
	at d.executeCommand (/extbin/local/openvscode-server/out/vs/workbench/api/node/extensionHostProcess.js:153:199377)
	at Object.executeCommand (/extbin/local/openvscode-server/out/vs/workbench/api/node/extensionHostProcess.js:163:22742)
	at n.O [as value] (/extbin/local/openvscode-server/extensions/git/dist/main.js:2:945191)
	at c.y (/extbin/local/openvscode-server/out/vs/workbench/api/node/extensionHostProcess.js:82:664)
	at c.z (/extbin/local/openvscode-server/out/vs/workbench/api/node/extensionHostProcess.js:82:734)
	at c.fire (/extbin/local/openvscode-server/out/vs/workbench/api/node/extensionHostProcess.js:82:950)
	at Object.p [as dispose] (/extbin/local/openvscode-server/extensions/git/dist/main.js:2:964275)
	at /extbin/local/openvscode-server/extensions/git/dist/main.js:2:970313
	at Array.forEach (<anonymous>)
	at f.dispose (/extbin/local/openvscode-server/extensions/git/dist/main.js:2:970299)
	at o.<anonymous> (/extbin/local/openvscode-server/out/vs/workbench/api/node/extensionHostProcess.js:151:4032)
	at o.dispose (/extbin/local/openvscode-server/out/vs/workbench/api/node/extensionHostProcess.js:151:4129)
	at o.<anonymous> (/extbin/local/openvscode-server/extensions/git/dist/main.js:2:947448)
	at o.dispose (/extbin/local/openvscode-server/out/vs/workbench/api/node/extensionHostProcess.js:151:4129)
	at h (/extbin/local/openvscode-server/out/vs/workbench/api/node/extensionHostProcess.js:30:744)
	at l.eb (/extbin/local/openvscode-server/out/vs/workbench/api/node/extensionHostProcess.js:159:9991)
	at /extbin/local/openvscode-server/out/vs/workbench/api/node/extensionHostProcess.js:159:7867
	at Array.map (<anonymous>)
	at l.$ (/extbin/local/openvscode-server/out/vs/workbench/api/node/extensionHostProcess.js:159:7854)
	at l.terminate (/extbin/local/openvscode-server/out/vs/workbench/api/node/extensionHostProcess.js:159:8127)
	at h.terminate (/extbin/local/openvscode-server/out/vs/workbench/api/node/extensionHostProcess.js:163:1513)
	at t (/extbin/local/openvscode-server/out/vs/workbench/api/node/extensionHostProcess.js:176:10459)
	at n.value (/extbin/local/openvscode-server/out/vs/workbench/api/node/extensionHostProcess.js:176:8427)
	at c.y (/extbin/local/openvscode-server/out/vs/workbench/api/node/extensionHostProcess.js:82:664)
	at c.fire (/extbin/local/openvscode-server/out/vs/workbench/api/node/extensionHostProcess.js:82:881)
	at s.fire (/extbin/local/openvscode-server/out/vs/workbench/api/node/extensionHostProcess.js:107:14502)
	at d.z (/extbin/local/openvscode-server/out/vs/workbench/api/node/extensionHostProcess.js:107:17638)
	at n.value (/extbin/local/openvscode-server/out/vs/workbench/api/node/extensionHostProcess.js:107:16019)
	at c.y (/extbin/local/openvscode-server/out/vs/workbench/api/node/extensionHostProcess.js:82:664)
	at c.fire (/extbin/local/openvscode-server/out/vs/workbench/api/node/extensionHostProcess.js:82:881)
	at l.acceptChunk (/extbin/local/openvscode-server/out/vs/workbench/api/node/extensionHostProcess.js:107:12248)
	at n.value (/extbin/local/openvscode-server/out/vs/workbench/api/node/extensionHostProcess.js:107:11518)
	at c.y (/extbin/local/openvscode-server/out/vs/workbench/api/node/extensionHostProcess.js:82:664)
	at c.fire (/extbin/local/openvscode-server/out/vs/workbench/api/node/extensionHostProcess.js:82:881)
	at n.z (/extbin/local/openvscode-server/out/vs/workbench/api/node/extensionHostProcess.js:173:20477) setContext undefined
