[1726562870656] INFO  (ext): SQLTools is starting
[1726562870657] INFO  (ext): initializing language client...
[1726562870700] INFO  (ext): Registering client for languages [{"scheme":"sqltools"},{"language":"sql","scheme":"untitled"},{"language":"sql","scheme":"file"},{"language":"sql","scheme":"sqltools"}]
    ns: "lc"
[1726562870710] INFO  (ext): loading plugins...
[1726562870711] INFO  (ext): registering Formatter Plugin.
    plugin: {
      "name": "Formatter Plugin"
    }
[1726562870711] INFO  (ext): registering Connection Manager Plugin.
    plugin: {
      "name": "Connection Manager Plugin"
    }
[1726562870711] INFO  (ext): registering CodeLens Plugin.
    plugin: {
      "name": "CodeLens Plugin",
      "registeredLanguages": []
    }
[1726562870712] INFO  (ext): registering Dependency Manager Plugin.
    plugin: {
      "name": "Dependency Manager Plugin",
      "installingDrivers": []
    }
[1726562870713] INFO  (ext): Connection explorer changed. Will be updated.
    ns: "conn-man:explorer"
[1726562870713] INFO  (ext): registering History Manager Plugin.
    plugin: {
      "name": "History Manager Plugin"
    }
[1726562870714] INFO  (ext): registering Bookmarks Manager Plugin.
    plugin: {
      "name": "Bookmarks Manager Plugin"
    }
[1726562870714] INFO  (ext): registering Authentication Provider Plugin.
    plugin: {
      "name": "Authentication Provider Plugin",
      "isRegistered": false
    }
[1726562870715] INFO  (ext): registering Object Drop-in Provider (plugin).
    plugin: {
      "type": "plugin",
      "name": "Object Drop-in Provider",
      "isRegistered": false
    }
[1726562870715] INFO  (ext): SQLTools activation completed. 59.231408 ms
[1726562870717] INFO  (ext): Formatter Plugin registered!
[1726562870717] INFO  (ext): CodeLens Plugin registered!
[1726562870717] INFO  (ext): Dependency Manager Plugin registered!
[1726562870717] INFO  (ext): Connection Manager Plugin registered!
[1726562870717] INFO  (ext): History Manager Plugin registered!
[1726562870717] INFO  (ext): Bookmarks Manager Plugin registered!
[1726562870717] INFO  (ext): Authentication Provider Plugin registered!
[1726562870717] INFO  (ext): Object Drop-in Provider (plugin) registered!
[1726562871564] INFO  (ls): SQLTools Server started!
===============================
Using node runtime?: yes
ExecPath: /opt/nodejs/node-v20.15.1-linux-x64/bin/node v20.15.1
===============================
[1726562871567] INFO  (ls): User defined env vars
===============================
{"PATH":"/usr/local/sbin:/usr/local/bin:/usr/sbin:/usr/bin:/sbin:/bin:/home/user/.node_modules_global/bin"}
===============================:
[1726562871572] INFO  (ext): LanguageClient ready
    ns: "lc"
[1726562871570] INFO  (ls): Initialized with node version:v20.15.1
[1726562872118] INFO  (ext): registering SQLite Plugin (driver).
    plugin: {
      "extensionId": "mtxr.sqltools-driver-sqlite",
      "name": "SQLite Plugin",
      "type": "driver"
    }
[1726562872119] INFO  (ls): REQUEST RECEIVED => ls/RegisterPlugin
[1726562872120] INFO  (ls): request to register plugin: "/extbin/local/openvscode-server/extensions/mtxr.sqltools-driver-sqlite-0.5.0/out/ls/plugin.js"
[1726562872148] INFO  (ls): Driver sqlite registered!
    place: "driver-map"
    ns: "ls-context"
[1726562872752] INFO  (ext): SQLite Plugin (driver) registered!
[1726562872769] INFO  (ext): Connection explorer changed. Will be updated.
    ns: "conn-man:explorer"
[1726562873753] INFO  (ext): EXECUTING COMMAND => sqltools.refreshTree
[1726562873753] INFO  (ext): Connection explorer changed. Will be updated.
    ns: "conn-man:explorer"
[1726562876321] INFO  (ext): Connection explorer changed. Will be updated.
    ns: "conn-man:explorer"
[1726562877976] INFO  (ext): Connection explorer changed. Will be updated.
    ns: "conn-man:explorer"
[1726562886771] INFO  (ext): Connection explorer changed. Will be updated.
    ns: "conn-man:explorer"
[1726562897467] INFO  (ext): Connection explorer changed. Will be updated.
    ns: "conn-man:explorer"
[1726563021351] INFO  (ext): Connection explorer changed. Will be updated.
    ns: "conn-man:explorer"
[1726563037286] INFO  (ext): Connection explorer changed. Will be updated.
    ns: "conn-man:explorer"
[1726563060721] INFO  (ext): Connection explorer changed. Will be updated.
    ns: "conn-man:explorer"
[1726563080069] INFO  (ext): Connection explorer changed. Will be updated.
    ns: "conn-man:explorer"
[1726563095574] INFO  (ext): Connection explorer changed. Will be updated.
    ns: "conn-man:explorer"
[1726563166924] INFO  (ext): Connection explorer changed. Will be updated.
    ns: "conn-man:explorer"
[1726563185293] INFO  (ext): Connection explorer changed. Will be updated.
    ns: "conn-man:explorer"
[1726563201099] INFO  (ext): Connection explorer changed. Will be updated.
    ns: "conn-man:explorer"
[1726563343887] INFO  (ext): Connection explorer changed. Will be updated.
    ns: "conn-man:explorer"
[1726563411124] INFO  (ext): Connection explorer changed. Will be updated.
    ns: "conn-man:explorer"
[1726563412152] INFO  (ext): Connection explorer changed. Will be updated.
    ns: "conn-man:explorer"
