[1727846954920] INFO  (ext): SQLTools is starting
[1727846954930] INFO  (ext): initializing language client...
[1727846954983] INFO  (ext): Registering client for languages [{"scheme":"sqltools"},{"language":"sql","scheme":"untitled"},{"language":"sql","scheme":"file"},{"language":"sql","scheme":"sqltools"}]
    ns: "lc"
[1727846954997] INFO  (ext): loading plugins...
[1727846954997] INFO  (ext): registering Formatter Plugin.
    plugin: {
      "name": "Formatter Plugin"
    }
[1727846954997] INFO  (ext): registering Connection Manager Plugin.
    plugin: {
      "name": "Connection Manager Plugin"
    }
[1727846954998] INFO  (ext): registering CodeLens Plugin.
    plugin: {
      "name": "CodeLens Plugin",
      "registeredLanguages": []
    }
[1727846954999] INFO  (ext): registering Dependency Manager Plugin.
    plugin: {
      "name": "Dependency Manager Plugin",
      "installingDrivers": []
    }
[1727846955000] INFO  (ext): Connection explorer changed. Will be updated.
    ns: "conn-man:explorer"
[1727846955000] INFO  (ext): registering History Manager Plugin.
    plugin: {
      "name": "History Manager Plugin"
    }
[1727846955001] INFO  (ext): registering Bookmarks Manager Plugin.
    plugin: {
      "name": "Bookmarks Manager Plugin"
    }
[1727846955001] INFO  (ext): registering Authentication Provider Plugin.
    plugin: {
      "name": "Authentication Provider Plugin",
      "isRegistered": false
    }
[1727846955002] INFO  (ext): registering Object Drop-in Provider (plugin).
    plugin: {
      "type": "plugin",
      "name": "Object Drop-in Provider",
      "isRegistered": false
    }
[1727846955002] INFO  (ext): SQLTools activation completed. 82.101572 ms
[1727846955004] INFO  (ext): Formatter Plugin registered!
[1727846955004] INFO  (ext): CodeLens Plugin registered!
[1727846955004] INFO  (ext): Dependency Manager Plugin registered!
[1727846955004] INFO  (ext): Connection Manager Plugin registered!
[1727846955004] INFO  (ext): History Manager Plugin registered!
[1727846955004] INFO  (ext): Bookmarks Manager Plugin registered!
[1727846955004] INFO  (ext): Authentication Provider Plugin registered!
[1727846955004] INFO  (ext): Object Drop-in Provider (plugin) registered!
[1727846955940] INFO  (ls): SQLTools Server started!
===============================
Using node runtime?: yes
ExecPath: /opt/nodejs/node-v20.15.1-linux-x64/bin/node v20.15.1
===============================
[1727846955943] INFO  (ls): User defined env vars
===============================
{"PATH":"/usr/local/sbin:/usr/local/bin:/usr/sbin:/usr/bin:/sbin:/bin:/home/user/.node_modules_global/bin"}
===============================:
[1727846955956] INFO  (ext): LanguageClient ready
    ns: "lc"
[1727846955953] INFO  (ls): Initialized with node version:v20.15.1
[1727846956095] INFO  (ext): EXECUTING COMMAND => sqltools.refreshTree
[1727846956096] INFO  (ext): Connection explorer changed. Will be updated.
    ns: "conn-man:explorer"
[1727846956568] INFO  (ext): registering SQLite Plugin (driver).
    plugin: {
      "extensionId": "mtxr.sqltools-driver-sqlite",
      "name": "SQLite Plugin",
      "type": "driver"
    }
[1727846956569] INFO  (ls): REQUEST RECEIVED => ls/RegisterPlugin
[1727846956569] INFO  (ls): request to register plugin: "/extbin/local/openvscode-server/extensions/mtxr.sqltools-driver-sqlite-0.5.0/out/ls/plugin.js"
[1727846956595] INFO  (ls): Driver sqlite registered!
    place: "driver-map"
    ns: "ls-context"
[1727846957395] INFO  (ext): SQLite Plugin (driver) registered!
[1727846957396] INFO  (ext): Connection explorer changed. Will be updated.
    ns: "conn-man:explorer"
[1727846958402] INFO  (ext): EXECUTING COMMAND => sqltools.refreshTree
[1727846958402] INFO  (ext): Connection explorer changed. Will be updated.
    ns: "conn-man:explorer"
[1727846958481] INFO  (ext): Connection explorer changed. Will be updated.
    ns: "conn-man:explorer"
[1727846963009] INFO  (ext): Connection explorer changed. Will be updated.
    ns: "conn-man:explorer"
[1727848976657] INFO  (ext): Connection explorer changed. Will be updated.
    ns: "conn-man:explorer"
[1727855746988] INFO  (ext): Connection explorer changed. Will be updated.
    ns: "conn-man:explorer"
[1727855756893] INFO  (ext): Connection explorer changed. Will be updated.
    ns: "conn-man:explorer"
