[1726680492495] INFO  (ext): SQLTools is starting
[1726680492498] INFO  (ext): initializing language client...
[1726680492547] INFO  (ext): Registering client for languages [{"scheme":"sqltools"},{"language":"sql","scheme":"untitled"},{"language":"sql","scheme":"file"},{"language":"sql","scheme":"sqltools"}]
    ns: "lc"
[1726680492558] INFO  (ext): loading plugins...
[1726680492559] INFO  (ext): registering Formatter Plugin.
    plugin: {
      "name": "Formatter Plugin"
    }
[1726680492559] INFO  (ext): registering Connection Manager Plugin.
    plugin: {
      "name": "Connection Manager Plugin"
    }
[1726680492559] INFO  (ext): registering CodeLens Plugin.
    plugin: {
      "name": "CodeLens Plugin",
      "registeredLanguages": []
    }
[1726680492561] INFO  (ext): registering Dependency Manager Plugin.
    plugin: {
      "name": "Dependency Manager Plugin",
      "installingDrivers": []
    }
[1726680492562] INFO  (ext): Connection explorer changed. Will be updated.
    ns: "conn-man:explorer"
[1726680492562] INFO  (ext): registering History Manager Plugin.
    plugin: {
      "name": "History Manager Plugin"
    }
[1726680492563] INFO  (ext): registering Bookmarks Manager Plugin.
    plugin: {
      "name": "Bookmarks Manager Plugin"
    }
[1726680492563] INFO  (ext): registering Authentication Provider Plugin.
    plugin: {
      "name": "Authentication Provider Plugin",
      "isRegistered": false
    }
[1726680492563] INFO  (ext): registering Object Drop-in Provider (plugin).
    plugin: {
      "type": "plugin",
      "name": "Object Drop-in Provider",
      "isRegistered": false
    }
[1726680492564] INFO  (ext): SQLTools activation completed. 68.467776 ms
[1726680492566] INFO  (ext): Formatter Plugin registered!
[1726680492566] INFO  (ext): CodeLens Plugin registered!
[1726680492566] INFO  (ext): Dependency Manager Plugin registered!
[1726680492566] INFO  (ext): Connection Manager Plugin registered!
[1726680492566] INFO  (ext): History Manager Plugin registered!
[1726680492566] INFO  (ext): Bookmarks Manager Plugin registered!
[1726680492566] INFO  (ext): Authentication Provider Plugin registered!
[1726680492567] INFO  (ext): Object Drop-in Provider (plugin) registered!
[1726680493539] INFO  (ls): SQLTools Server started!
===============================
Using node runtime?: yes
ExecPath: /opt/nodejs/node-v20.15.1-linux-x64/bin/node v20.15.1
===============================
[1726680493542] INFO  (ls): User defined env vars
===============================
{"PATH":"/usr/local/sbin:/usr/local/bin:/usr/sbin:/usr/bin:/sbin:/bin:/home/user/.node_modules_global/bin"}
===============================:
[1726680493558] INFO  (ext): LanguageClient ready
    ns: "lc"
[1726680493556] INFO  (ls): Initialized with node version:v20.15.1
[1726680493567] INFO  (ext): EXECUTING COMMAND => sqltools.refreshTree
[1726680493567] INFO  (ext): Connection explorer changed. Will be updated.
    ns: "conn-man:explorer"
[1726680494157] INFO  (ext): registering SQLite Plugin (driver).
    plugin: {
      "extensionId": "mtxr.sqltools-driver-sqlite",
      "name": "SQLite Plugin",
      "type": "driver"
    }
[1726680494157] INFO  (ls): REQUEST RECEIVED => ls/RegisterPlugin
[1726680494158] INFO  (ls): request to register plugin: "/extbin/local/openvscode-server/extensions/mtxr.sqltools-driver-sqlite-0.5.0/out/ls/plugin.js"
[1726680494189] INFO  (ls): Driver sqlite registered!
    place: "driver-map"
    ns: "ls-context"
[1726680494835] INFO  (ext): SQLite Plugin (driver) registered!
[1726680494837] INFO  (ext): Connection explorer changed. Will be updated.
    ns: "conn-man:explorer"
[1726680495835] INFO  (ext): EXECUTING COMMAND => sqltools.refreshTree
[1726680495836] INFO  (ext): Connection explorer changed. Will be updated.
    ns: "conn-man:explorer"
[1726680498552] INFO  (ext): Connection explorer changed. Will be updated.
    ns: "conn-man:explorer"
[1726680499052] INFO  (ext): Connection explorer changed. Will be updated.
    ns: "conn-man:explorer"
