[1727712649304] INFO  (ext): SQLTools is starting
[1727712649306] INFO  (ext): initializing language client...
[1727712649352] INFO  (ext): Registering client for languages [{"scheme":"sqltools"},{"language":"sql","scheme":"untitled"},{"language":"sql","scheme":"file"},{"language":"sql","scheme":"sqltools"}]
    ns: "lc"
[1727712649363] INFO  (ext): loading plugins...
[1727712649364] INFO  (ext): registering Formatter Plugin.
    plugin: {
      "name": "Formatter Plugin"
    }
[1727712649364] INFO  (ext): registering Connection Manager Plugin.
    plugin: {
      "name": "Connection Manager Plugin"
    }
[1727712649364] INFO  (ext): registering CodeLens Plugin.
    plugin: {
      "name": "CodeLens Plugin",
      "registeredLanguages": []
    }
[1727712649365] INFO  (ext): registering Dependency Manager Plugin.
    plugin: {
      "name": "Dependency Manager Plugin",
      "installingDrivers": []
    }
[1727712649367] INFO  (ext): Connection explorer changed. Will be updated.
    ns: "conn-man:explorer"
[1727712649367] INFO  (ext): registering History Manager Plugin.
    plugin: {
      "name": "History Manager Plugin"
    }
[1727712649368] INFO  (ext): registering Bookmarks Manager Plugin.
    plugin: {
      "name": "Bookmarks Manager Plugin"
    }
[1727712649368] INFO  (ext): registering Authentication Provider Plugin.
    plugin: {
      "name": "Authentication Provider Plugin",
      "isRegistered": false
    }
[1727712649369] INFO  (ext): registering Object Drop-in Provider (plugin).
    plugin: {
      "type": "plugin",
      "name": "Object Drop-in Provider",
      "isRegistered": false
    }
[1727712649369] INFO  (ext): SQLTools activation completed. 65.042663 ms
[1727712649371] INFO  (ext): Formatter Plugin registered!
[1727712649371] INFO  (ext): CodeLens Plugin registered!
[1727712649371] INFO  (ext): Dependency Manager Plugin registered!
[1727712649372] INFO  (ext): Connection Manager Plugin registered!
[1727712649372] INFO  (ext): History Manager Plugin registered!
[1727712649372] INFO  (ext): Bookmarks Manager Plugin registered!
[1727712649372] INFO  (ext): Authentication Provider Plugin registered!
[1727712649372] INFO  (ext): Object Drop-in Provider (plugin) registered!
[1727712650438] INFO  (ext): EXECUTING COMMAND => sqltools.refreshTree
[1727712650438] INFO  (ext): Connection explorer changed. Will be updated.
    ns: "conn-man:explorer"
[1727712650326] INFO  (ls): SQLTools Server started!
===============================
Using node runtime?: yes
ExecPath: /opt/nodejs/node-v20.15.1-linux-x64/bin/node v20.15.1
===============================
[1727712650331] INFO  (ls): User defined env vars
===============================
{"PATH":"/usr/local/sbin:/usr/local/bin:/usr/sbin:/usr/bin:/sbin:/bin:/home/user/.node_modules_global/bin"}
===============================:
[1727712650446] INFO  (ext): LanguageClient ready
    ns: "lc"
[1727712650444] INFO  (ls): Initialized with node version:v20.15.1
[1727712650984] INFO  (ext): registering SQLite Plugin (driver).
    plugin: {
      "extensionId": "mtxr.sqltools-driver-sqlite",
      "name": "SQLite Plugin",
      "type": "driver"
    }
[1727712650985] INFO  (ls): REQUEST RECEIVED => ls/RegisterPlugin
[1727712650986] INFO  (ls): request to register plugin: "/extbin/local/openvscode-server/extensions/mtxr.sqltools-driver-sqlite-0.5.0/out/ls/plugin.js"
[1727712651010] INFO  (ls): Driver sqlite registered!
    place: "driver-map"
    ns: "ls-context"
[1727712651649] INFO  (ext): SQLite Plugin (driver) registered!
[1727712651651] INFO  (ext): Connection explorer changed. Will be updated.
    ns: "conn-man:explorer"
[1727712652655] INFO  (ext): EXECUTING COMMAND => sqltools.refreshTree
[1727712652655] INFO  (ext): Connection explorer changed. Will be updated.
    ns: "conn-man:explorer"
[1727712655542] INFO  (ext): Connection explorer changed. Will be updated.
    ns: "conn-man:explorer"
