[1727707422065] INFO  (ext): SQLTools is starting
[1727707422072] INFO  (ext): initializing language client...
[1727707422112] INFO  (ext): Registering client for languages [{"scheme":"sqltools"},{"language":"sql","scheme":"untitled"},{"language":"sql","scheme":"file"},{"language":"sql","scheme":"sqltools"}]
    ns: "lc"
[1727707422133] INFO  (ext): loading plugins...
[1727707422133] INFO  (ext): registering Formatter Plugin.
    plugin: {
      "name": "Formatter Plugin"
    }
[1727707422134] INFO  (ext): registering Connection Manager Plugin.
    plugin: {
      "name": "Connection Manager Plugin"
    }
[1727707422134] INFO  (ext): registering CodeLens Plugin.
    plugin: {
      "name": "CodeLens Plugin",
      "registeredLanguages": []
    }
[1727707422136] INFO  (ext): registering Dependency Manager Plugin.
    plugin: {
      "name": "Dependency Manager Plugin",
      "installingDrivers": []
    }
[1727707422139] INFO  (ext): Connection explorer changed. Will be updated.
    ns: "conn-man:explorer"
[1727707422140] INFO  (ext): registering History Manager Plugin.
    plugin: {
      "name": "History Manager Plugin"
    }
[1727707422141] INFO  (ext): registering Bookmarks Manager Plugin.
    plugin: {
      "name": "Bookmarks Manager Plugin"
    }
[1727707422142] INFO  (ext): registering Authentication Provider Plugin.
    plugin: {
      "name": "Authentication Provider Plugin",
      "isRegistered": false
    }
[1727707422142] INFO  (ext): registering Object Drop-in Provider (plugin).
    plugin: {
      "type": "plugin",
      "name": "Object Drop-in Provider",
      "isRegistered": false
    }
[1727707422143] INFO  (ext): SQLTools activation completed. 78.128133 ms
[1727707422156] INFO  (ext): Formatter Plugin registered!
[1727707422156] INFO  (ext): CodeLens Plugin registered!
[1727707422156] INFO  (ext): Dependency Manager Plugin registered!
[1727707422156] INFO  (ext): Connection Manager Plugin registered!
[1727707422156] INFO  (ext): History Manager Plugin registered!
[1727707422157] INFO  (ext): Bookmarks Manager Plugin registered!
[1727707422157] INFO  (ext): Authentication Provider Plugin registered!
[1727707422157] INFO  (ext): Object Drop-in Provider (plugin) registered!
[1727707423426] INFO  (ext): EXECUTING COMMAND => sqltools.refreshTree
[1727707423426] INFO  (ext): Connection explorer changed. Will be updated.
    ns: "conn-man:explorer"
[1727707423643] INFO  (ls): SQLTools Server started!
===============================
Using node runtime?: yes
ExecPath: /opt/nodejs/node-v20.15.1-linux-x64/bin/node v20.15.1
===============================
[1727707423647] INFO  (ls): User defined env vars
===============================
{"PATH":"/usr/local/sbin:/usr/local/bin:/usr/sbin:/usr/bin:/sbin:/bin:/home/user/.node_modules_global/bin"}
===============================:
[1727707423677] INFO  (ext): LanguageClient ready
    ns: "lc"
[1727707423674] INFO  (ls): Initialized with node version:v20.15.1
[1727707424377] INFO  (ext): registering SQLite Plugin (driver).
    plugin: {
      "extensionId": "mtxr.sqltools-driver-sqlite",
      "name": "SQLite Plugin",
      "type": "driver"
    }
[1727707426643] INFO  (ext): Connection explorer changed. Will be updated.
    ns: "conn-man:explorer"
[1727707424378] INFO  (ls): REQUEST RECEIVED => ls/RegisterPlugin
[1727707424378] INFO  (ls): request to register plugin: "/extbin/local/openvscode-server/extensions/mtxr.sqltools-driver-sqlite-0.5.0/out/ls/plugin.js"
[1727707424407] INFO  (ls): Driver sqlite registered!
    place: "driver-map"
    ns: "ls-context"
[1727707426649] INFO  (ext): SQLite Plugin (driver) registered!
[1727707426958] INFO  (ext): Connection explorer changed. Will be updated.
    ns: "conn-man:explorer"
[1727707427650] INFO  (ext): EXECUTING COMMAND => sqltools.refreshTree
[1727707427650] INFO  (ext): Connection explorer changed. Will be updated.
    ns: "conn-man:explorer"
[1727707427714] INFO  (ext): Connection explorer changed. Will be updated.
    ns: "conn-man:explorer"
[1727707428176] INFO  (ext): Connection explorer changed. Will be updated.
    ns: "conn-man:explorer"
[1727707428416] INFO  (ext): Connection explorer changed. Will be updated.
    ns: "conn-man:explorer"
[1727707428622] INFO  (ext): Connection explorer changed. Will be updated.
    ns: "conn-man:explorer"
[1727707428868] INFO  (ext): Connection explorer changed. Will be updated.
    ns: "conn-man:explorer"
[1727707428895] INFO  (ext): Connection explorer changed. Will be updated.
    ns: "conn-man:explorer"
[1727707428895] INFO  (ext): Connection explorer changed. Will be updated.
    ns: "conn-man:explorer"
[1727707428905] INFO  (ext): Connection explorer changed. Will be updated.
    ns: "conn-man:explorer"
[1727707430098] INFO  (ext): Connection explorer changed. Will be updated.
    ns: "conn-man:explorer"
[1727707605466] INFO  (ext): Connection explorer changed. Will be updated.
    ns: "conn-man:explorer"
[1727707607786] INFO  (ext): Connection explorer changed. Will be updated.
    ns: "conn-man:explorer"
[1727707610446] INFO  (ext): Connection explorer changed. Will be updated.
    ns: "conn-man:explorer"
[1727707611115] INFO  (ext): Connection explorer changed. Will be updated.
    ns: "conn-man:explorer"
[1727707611365] INFO  (ext): Connection explorer changed. Will be updated.
    ns: "conn-man:explorer"
[1727707611366] INFO  (ext): Connection explorer changed. Will be updated.
    ns: "conn-man:explorer"
[1727707611392] INFO  (ext): Connection explorer changed. Will be updated.
    ns: "conn-man:explorer"
[1727707611393] INFO  (ext): Connection explorer changed. Will be updated.
    ns: "conn-man:explorer"
[1727707832490] INFO  (ext): Connection explorer changed. Will be updated.
    ns: "conn-man:explorer"
[1727707832720] INFO  (ext): Connection explorer changed. Will be updated.
    ns: "conn-man:explorer"
[1727707832892] INFO  (ext): Connection explorer changed. Will be updated.
    ns: "conn-man:explorer"
[1727707833243] INFO  (ext): Connection explorer changed. Will be updated.
    ns: "conn-man:explorer"
[1727707833419] INFO  (ext): Connection explorer changed. Will be updated.
    ns: "conn-man:explorer"
[1727707833420] INFO  (ext): Connection explorer changed. Will be updated.
    ns: "conn-man:explorer"
[1727707833420] INFO  (ext): Connection explorer changed. Will be updated.
    ns: "conn-man:explorer"
[1727707833420] INFO  (ext): Connection explorer changed. Will be updated.
    ns: "conn-man:explorer"
[1727707886482] INFO  (ext): Connection explorer changed. Will be updated.
    ns: "conn-man:explorer"
[1727707902500] INFO  (ext): Connection explorer changed. Will be updated.
    ns: "conn-man:explorer"
[1727707904018] INFO  (ext): Connection explorer changed. Will be updated.
    ns: "conn-man:explorer"
