2024-09-19 08:54:24.740 [error] SyntaxError: "undefined" is not valid JSON
    at JSON.parse (<anonymous>)
    at C (https://theia-workspaces-ws-7dj9n.us10.applicationstudio.cloud.sap/oss-b48c39a6728d5f599f1c9741560ca6fe24b158a5/static/out/vs/workbench/workbench.web.main.js:1731:48519)
    at i.$postMessage (https://theia-workspaces-ws-7dj9n.us10.applicationstudio.cloud.sap/oss-b48c39a6728d5f599f1c9741560ca6fe24b158a5/static/out/vs/workbench/workbench.web.main.js:1731:49308)
    at w.S (https://theia-workspaces-ws-7dj9n.us10.applicationstudio.cloud.sap/oss-b48c39a6728d5f599f1c9741560ca6fe24b158a5/static/out/vs/workbench/workbench.web.main.js:1738:14599)
    at w.Q (https://theia-workspaces-ws-7dj9n.us10.applicationstudio.cloud.sap/oss-b48c39a6728d5f599f1c9741560ca6fe24b158a5/static/out/vs/workbench/workbench.web.main.js:1738:14365)
    at w.M (https://theia-workspaces-ws-7dj9n.us10.applicationstudio.cloud.sap/oss-b48c39a6728d5f599f1c9741560ca6fe24b158a5/static/out/vs/workbench/workbench.web.main.js:1738:13398)
    at w.L (https://theia-workspaces-ws-7dj9n.us10.applicationstudio.cloud.sap/oss-b48c39a6728d5f599f1c9741560ca6fe24b158a5/static/out/vs/workbench/workbench.web.main.js:1738:12454)
    at d.value (https://theia-workspaces-ws-7dj9n.us10.applicationstudio.cloud.sap/oss-b48c39a6728d5f599f1c9741560ca6fe24b158a5/static/out/vs/workbench/workbench.web.main.js:1738:10929)
    at h.y (https://theia-workspaces-ws-7dj9n.us10.applicationstudio.cloud.sap/oss-b48c39a6728d5f599f1c9741560ca6fe24b158a5/static/out/vs/workbench/workbench.web.main.js:89:659)
    at h.fire (https://theia-workspaces-ws-7dj9n.us10.applicationstudio.cloud.sap/oss-b48c39a6728d5f599f1c9741560ca6fe24b158a5/static/out/vs/workbench/workbench.web.main.js:89:876)
2024-09-19 08:55:39.480 [error] Error: [ExtensionListenerError] Extension 'mtxr.sqltools' FAILED to handle event: TypeError: Cannot read properties of undefined (reading 'document')
	at n.value (/extbin/local/openvscode-server/out/vs/workbench/api/node/extensionHostProcess.js:163:20749)
	at c.y (/extbin/local/openvscode-server/out/vs/workbench/api/node/extensionHostProcess.js:82:664)
	at c.z (/extbin/local/openvscode-server/out/vs/workbench/api/node/extensionHostProcess.js:82:734)
	at c.fire (/extbin/local/openvscode-server/out/vs/workbench/api/node/extensionHostProcess.js:82:950)
	at p.$acceptEditorPropertiesChanged (/extbin/local/openvscode-server/out/vs/workbench/api/node/extensionHostProcess.js:155:33337)
	at y.S (/extbin/local/openvscode-server/out/vs/workbench/api/node/extensionHostProcess.js:150:5970)
	at y.Q (/extbin/local/openvscode-server/out/vs/workbench/api/node/extensionHostProcess.js:150:5736)
	at y.M (/extbin/local/openvscode-server/out/vs/workbench/api/node/extensionHostProcess.js:150:4762)
	at y.L (/extbin/local/openvscode-server/out/vs/workbench/api/node/extensionHostProcess.js:150:3589)
	at n.value (/extbin/local/openvscode-server/out/vs/workbench/api/node/extensionHostProcess.js:150:2282)
	at c.y (/extbin/local/openvscode-server/out/vs/workbench/api/node/extensionHostProcess.js:82:664)
	at c.fire (/extbin/local/openvscode-server/out/vs/workbench/api/node/extensionHostProcess.js:82:881)
	at s.fire (/extbin/local/openvscode-server/out/vs/workbench/api/node/extensionHostProcess.js:107:14502)
	at n.value (/extbin/local/openvscode-server/out/vs/workbench/api/node/extensionHostProcess.js:176:8481)
	at c.y (/extbin/local/openvscode-server/out/vs/workbench/api/node/extensionHostProcess.js:82:664)
	at c.fire (/extbin/local/openvscode-server/out/vs/workbench/api/node/extensionHostProcess.js:82:881)
	at s.fire (/extbin/local/openvscode-server/out/vs/workbench/api/node/extensionHostProcess.js:107:14502)
	at d.z (/extbin/local/openvscode-server/out/vs/workbench/api/node/extensionHostProcess.js:107:17638)
	at n.value (/extbin/local/openvscode-server/out/vs/workbench/api/node/extensionHostProcess.js:107:16019)
	at c.y (/extbin/local/openvscode-server/out/vs/workbench/api/node/extensionHostProcess.js:82:664)
	at c.fire (/extbin/local/openvscode-server/out/vs/workbench/api/node/extensionHostProcess.js:82:881)
	at l.acceptChunk (/extbin/local/openvscode-server/out/vs/workbench/api/node/extensionHostProcess.js:107:12248)
	at n.value (/extbin/local/openvscode-server/out/vs/workbench/api/node/extensionHostProcess.js:107:11518)
	at c.y (/extbin/local/openvscode-server/out/vs/workbench/api/node/extensionHostProcess.js:82:664)
	at c.fire (/extbin/local/openvscode-server/out/vs/workbench/api/node/extensionHostProcess.js:82:881)
	at n.z (/extbin/local/openvscode-server/out/vs/workbench/api/node/extensionHostProcess.js:173:20477)
2024-09-19 08:55:39.998 [error] SyntaxError: "undefined" is not valid JSON
    at JSON.parse (<anonymous>)
    at C (https://theia-workspaces-ws-7dj9n.us10.applicationstudio.cloud.sap/oss-b48c39a6728d5f599f1c9741560ca6fe24b158a5/static/out/vs/workbench/workbench.web.main.js:1731:48519)
    at i.$postMessage (https://theia-workspaces-ws-7dj9n.us10.applicationstudio.cloud.sap/oss-b48c39a6728d5f599f1c9741560ca6fe24b158a5/static/out/vs/workbench/workbench.web.main.js:1731:49308)
    at w.S (https://theia-workspaces-ws-7dj9n.us10.applicationstudio.cloud.sap/oss-b48c39a6728d5f599f1c9741560ca6fe24b158a5/static/out/vs/workbench/workbench.web.main.js:1738:14599)
    at w.Q (https://theia-workspaces-ws-7dj9n.us10.applicationstudio.cloud.sap/oss-b48c39a6728d5f599f1c9741560ca6fe24b158a5/static/out/vs/workbench/workbench.web.main.js:1738:14365)
    at w.M (https://theia-workspaces-ws-7dj9n.us10.applicationstudio.cloud.sap/oss-b48c39a6728d5f599f1c9741560ca6fe24b158a5/static/out/vs/workbench/workbench.web.main.js:1738:13398)
    at w.L (https://theia-workspaces-ws-7dj9n.us10.applicationstudio.cloud.sap/oss-b48c39a6728d5f599f1c9741560ca6fe24b158a5/static/out/vs/workbench/workbench.web.main.js:1738:12454)
    at d.value (https://theia-workspaces-ws-7dj9n.us10.applicationstudio.cloud.sap/oss-b48c39a6728d5f599f1c9741560ca6fe24b158a5/static/out/vs/workbench/workbench.web.main.js:1738:10929)
    at h.y (https://theia-workspaces-ws-7dj9n.us10.applicationstudio.cloud.sap/oss-b48c39a6728d5f599f1c9741560ca6fe24b158a5/static/out/vs/workbench/workbench.web.main.js:89:659)
    at h.fire (https://theia-workspaces-ws-7dj9n.us10.applicationstudio.cloud.sap/oss-b48c39a6728d5f599f1c9741560ca6fe24b158a5/static/out/vs/workbench/workbench.web.main.js:89:876)
2024-09-19 09:52:45.841 [error] Request timed out
